ARM GAS  /tmp/ccWmUpws.s 			page 1


   1              		.cpu cortex-m4
   2              		.eabi_attribute 27, 1
   3              		.eabi_attribute 28, 1
   4              		.eabi_attribute 20, 1
   5              		.eabi_attribute 21, 1
   6              		.eabi_attribute 23, 3
   7              		.eabi_attribute 24, 1
   8              		.eabi_attribute 25, 1
   9              		.eabi_attribute 26, 1
  10              		.eabi_attribute 30, 1
  11              		.eabi_attribute 34, 1
  12              		.eabi_attribute 18, 4
  13              		.file	"stm32f4xx_hal_tim.c"
  14              		.text
  15              	.Ltext0:
  16              		.cfi_sections	.debug_frame
  17              	.Letext0:
  18              		.file 1 "/home/wumingju/Documents/aos/AliOS-Things/build/compiler/gcc-arm-none-eabi/Linux64/arm-no
  19              		.file 2 "/home/wumingju/Documents/aos/AliOS-Things/build/compiler/gcc-arm-none-eabi/Linux64/arm-no
  20              		.file 3 "Platform/STM32F4xx/drivers/CMSIS/Include/core_cm4.h"
  21              		.file 4 "Platform/STM32F4xx/drivers/CMSIS/Device/ST/STM32F4xx/Include/system_stm32f4xx.h"
  22              		.file 5 "/home/wumingju/Documents/aos/AliOS-Things/build/compiler/gcc-arm-none-eabi/Linux64/arm-no
  23              		.file 6 "/home/wumingju/Documents/aos/AliOS-Things/build/compiler/gcc-arm-none-eabi/Linux64/arm-no
  24              		.file 7 "/home/wumingju/Documents/aos/AliOS-Things/build/compiler/gcc-arm-none-eabi/Linux64/lib/gc
  25              		.file 8 "/home/wumingju/Documents/aos/AliOS-Things/build/compiler/gcc-arm-none-eabi/Linux64/arm-no
ARM GAS  /tmp/ccWmUpws.s 			page 2


DEFINED SYMBOLS
                            *ABS*:0000000000000000 stm32f4xx_hal_tim.c

NO UNDEFINED SYMBOLS
