ARM GAS  /tmp/ccoLG2vs.s 			page 1


   1              		.cpu cortex-m4
   2              		.eabi_attribute 27, 1
   3              		.eabi_attribute 28, 1
   4              		.eabi_attribute 20, 1
   5              		.eabi_attribute 21, 1
   6              		.eabi_attribute 23, 3
   7              		.eabi_attribute 24, 1
   8              		.eabi_attribute 25, 1
   9              		.eabi_attribute 26, 1
  10              		.eabi_attribute 30, 1
  11              		.eabi_attribute 34, 1
  12              		.eabi_attribute 18, 4
  13              		.file	"stm32f4xx_hal_pwr_ex.c"
  14              		.text
  15              	.Ltext0:
  16              		.cfi_sections	.debug_frame
  17              		.section	.text.HAL_PWREx_EnableBkUpReg,"ax",%progbits
  18              		.align	1
  19              		.global	HAL_PWREx_EnableBkUpReg
  20              		.syntax unified
  21              		.thumb
  22              		.thumb_func
  23              		.fpu fpv4-sp-d16
  25              	HAL_PWREx_EnableBkUpReg:
  26              	.LFB126:
  27              		.file 1 "Platform/STM32F4xx/drivers/STM32F4xx_HAL_Driver/Src/stm32f4xx_hal_pwr_ex.c"
   1:Platform/STM32F4xx/drivers/STM32F4xx_HAL_Driver/Src/stm32f4xx_hal_pwr_ex.c **** /**
   2:Platform/STM32F4xx/drivers/STM32F4xx_HAL_Driver/Src/stm32f4xx_hal_pwr_ex.c ****   ******************************************************************************
   3:Platform/STM32F4xx/drivers/STM32F4xx_HAL_Driver/Src/stm32f4xx_hal_pwr_ex.c ****   * @file    stm32f4xx_hal_pwr_ex.c
   4:Platform/STM32F4xx/drivers/STM32F4xx_HAL_Driver/Src/stm32f4xx_hal_pwr_ex.c ****   * @author  MCD Application Team
   5:Platform/STM32F4xx/drivers/STM32F4xx_HAL_Driver/Src/stm32f4xx_hal_pwr_ex.c ****   * @brief   Extended PWR HAL module driver.
   6:Platform/STM32F4xx/drivers/STM32F4xx_HAL_Driver/Src/stm32f4xx_hal_pwr_ex.c ****   *          This file provides firmware functions to manage the following 
   7:Platform/STM32F4xx/drivers/STM32F4xx_HAL_Driver/Src/stm32f4xx_hal_pwr_ex.c ****   *          functionalities of PWR extension peripheral:           
   8:Platform/STM32F4xx/drivers/STM32F4xx_HAL_Driver/Src/stm32f4xx_hal_pwr_ex.c ****   *           + Peripheral Extended features functions
   9:Platform/STM32F4xx/drivers/STM32F4xx_HAL_Driver/Src/stm32f4xx_hal_pwr_ex.c ****   *         
  10:Platform/STM32F4xx/drivers/STM32F4xx_HAL_Driver/Src/stm32f4xx_hal_pwr_ex.c ****   ******************************************************************************
  11:Platform/STM32F4xx/drivers/STM32F4xx_HAL_Driver/Src/stm32f4xx_hal_pwr_ex.c ****   * @attention
  12:Platform/STM32F4xx/drivers/STM32F4xx_HAL_Driver/Src/stm32f4xx_hal_pwr_ex.c ****   *
  13:Platform/STM32F4xx/drivers/STM32F4xx_HAL_Driver/Src/stm32f4xx_hal_pwr_ex.c ****   * <h2><center>&copy; COPYRIGHT(c) 2017 STMicroelectronics</center></h2>
  14:Platform/STM32F4xx/drivers/STM32F4xx_HAL_Driver/Src/stm32f4xx_hal_pwr_ex.c ****   *
  15:Platform/STM32F4xx/drivers/STM32F4xx_HAL_Driver/Src/stm32f4xx_hal_pwr_ex.c ****   * Redistribution and use in source and binary forms, with or without modification,
  16:Platform/STM32F4xx/drivers/STM32F4xx_HAL_Driver/Src/stm32f4xx_hal_pwr_ex.c ****   * are permitted provided that the following conditions are met:
  17:Platform/STM32F4xx/drivers/STM32F4xx_HAL_Driver/Src/stm32f4xx_hal_pwr_ex.c ****   *   1. Redistributions of source code must retain the above copyright notice,
  18:Platform/STM32F4xx/drivers/STM32F4xx_HAL_Driver/Src/stm32f4xx_hal_pwr_ex.c ****   *      this list of conditions and the following disclaimer.
  19:Platform/STM32F4xx/drivers/STM32F4xx_HAL_Driver/Src/stm32f4xx_hal_pwr_ex.c ****   *   2. Redistributions in binary form must reproduce the above copyright notice,
  20:Platform/STM32F4xx/drivers/STM32F4xx_HAL_Driver/Src/stm32f4xx_hal_pwr_ex.c ****   *      this list of conditions and the following disclaimer in the documentation
  21:Platform/STM32F4xx/drivers/STM32F4xx_HAL_Driver/Src/stm32f4xx_hal_pwr_ex.c ****   *      and/or other materials provided with the distribution.
  22:Platform/STM32F4xx/drivers/STM32F4xx_HAL_Driver/Src/stm32f4xx_hal_pwr_ex.c ****   *   3. Neither the name of STMicroelectronics nor the names of its contributors
  23:Platform/STM32F4xx/drivers/STM32F4xx_HAL_Driver/Src/stm32f4xx_hal_pwr_ex.c ****   *      may be used to endorse or promote products derived from this software
  24:Platform/STM32F4xx/drivers/STM32F4xx_HAL_Driver/Src/stm32f4xx_hal_pwr_ex.c ****   *      without specific prior written permission.
  25:Platform/STM32F4xx/drivers/STM32F4xx_HAL_Driver/Src/stm32f4xx_hal_pwr_ex.c ****   *
  26:Platform/STM32F4xx/drivers/STM32F4xx_HAL_Driver/Src/stm32f4xx_hal_pwr_ex.c ****   * THIS SOFTWARE IS PROVIDED BY THE COPYRIGHT HOLDERS AND CONTRIBUTORS "AS IS"
  27:Platform/STM32F4xx/drivers/STM32F4xx_HAL_Driver/Src/stm32f4xx_hal_pwr_ex.c ****   * AND ANY EXPRESS OR IMPLIED WARRANTIES, INCLUDING, BUT NOT LIMITED TO, THE
  28:Platform/STM32F4xx/drivers/STM32F4xx_HAL_Driver/Src/stm32f4xx_hal_pwr_ex.c ****   * IMPLIED WARRANTIES OF MERCHANTABILITY AND FITNESS FOR A PARTICULAR PURPOSE ARE
  29:Platform/STM32F4xx/drivers/STM32F4xx_HAL_Driver/Src/stm32f4xx_hal_pwr_ex.c ****   * DISCLAIMED. IN NO EVENT SHALL THE COPYRIGHT HOLDER OR CONTRIBUTORS BE LIABLE
  30:Platform/STM32F4xx/drivers/STM32F4xx_HAL_Driver/Src/stm32f4xx_hal_pwr_ex.c ****   * FOR ANY DIRECT, INDIRECT, INCIDENTAL, SPECIAL, EXEMPLARY, OR CONSEQUENTIAL
  31:Platform/STM32F4xx/drivers/STM32F4xx_HAL_Driver/Src/stm32f4xx_hal_pwr_ex.c ****   * DAMAGES (INCLUDING, BUT NOT LIMITED TO, PROCUREMENT OF SUBSTITUTE GOODS OR
ARM GAS  /tmp/ccoLG2vs.s 			page 2


  32:Platform/STM32F4xx/drivers/STM32F4xx_HAL_Driver/Src/stm32f4xx_hal_pwr_ex.c ****   * SERVICES; LOSS OF USE, DATA, OR PROFITS; OR BUSINESS INTERRUPTION) HOWEVER
  33:Platform/STM32F4xx/drivers/STM32F4xx_HAL_Driver/Src/stm32f4xx_hal_pwr_ex.c ****   * CAUSED AND ON ANY THEORY OF LIABILITY, WHETHER IN CONTRACT, STRICT LIABILITY,
  34:Platform/STM32F4xx/drivers/STM32F4xx_HAL_Driver/Src/stm32f4xx_hal_pwr_ex.c ****   * OR TORT (INCLUDING NEGLIGENCE OR OTHERWISE) ARISING IN ANY WAY OUT OF THE USE
  35:Platform/STM32F4xx/drivers/STM32F4xx_HAL_Driver/Src/stm32f4xx_hal_pwr_ex.c ****   * OF THIS SOFTWARE, EVEN IF ADVISED OF THE POSSIBILITY OF SUCH DAMAGE.
  36:Platform/STM32F4xx/drivers/STM32F4xx_HAL_Driver/Src/stm32f4xx_hal_pwr_ex.c ****   *
  37:Platform/STM32F4xx/drivers/STM32F4xx_HAL_Driver/Src/stm32f4xx_hal_pwr_ex.c ****   ******************************************************************************
  38:Platform/STM32F4xx/drivers/STM32F4xx_HAL_Driver/Src/stm32f4xx_hal_pwr_ex.c ****   */ 
  39:Platform/STM32F4xx/drivers/STM32F4xx_HAL_Driver/Src/stm32f4xx_hal_pwr_ex.c **** 
  40:Platform/STM32F4xx/drivers/STM32F4xx_HAL_Driver/Src/stm32f4xx_hal_pwr_ex.c **** /* Includes ------------------------------------------------------------------*/
  41:Platform/STM32F4xx/drivers/STM32F4xx_HAL_Driver/Src/stm32f4xx_hal_pwr_ex.c **** #include "stm32f4xx_hal.h"
  42:Platform/STM32F4xx/drivers/STM32F4xx_HAL_Driver/Src/stm32f4xx_hal_pwr_ex.c **** 
  43:Platform/STM32F4xx/drivers/STM32F4xx_HAL_Driver/Src/stm32f4xx_hal_pwr_ex.c **** /** @addtogroup STM32F4xx_HAL_Driver
  44:Platform/STM32F4xx/drivers/STM32F4xx_HAL_Driver/Src/stm32f4xx_hal_pwr_ex.c ****   * @{
  45:Platform/STM32F4xx/drivers/STM32F4xx_HAL_Driver/Src/stm32f4xx_hal_pwr_ex.c ****   */
  46:Platform/STM32F4xx/drivers/STM32F4xx_HAL_Driver/Src/stm32f4xx_hal_pwr_ex.c **** 
  47:Platform/STM32F4xx/drivers/STM32F4xx_HAL_Driver/Src/stm32f4xx_hal_pwr_ex.c **** /** @defgroup PWREx PWREx
  48:Platform/STM32F4xx/drivers/STM32F4xx_HAL_Driver/Src/stm32f4xx_hal_pwr_ex.c ****   * @brief PWR HAL module driver
  49:Platform/STM32F4xx/drivers/STM32F4xx_HAL_Driver/Src/stm32f4xx_hal_pwr_ex.c ****   * @{
  50:Platform/STM32F4xx/drivers/STM32F4xx_HAL_Driver/Src/stm32f4xx_hal_pwr_ex.c ****   */
  51:Platform/STM32F4xx/drivers/STM32F4xx_HAL_Driver/Src/stm32f4xx_hal_pwr_ex.c **** 
  52:Platform/STM32F4xx/drivers/STM32F4xx_HAL_Driver/Src/stm32f4xx_hal_pwr_ex.c **** #ifdef HAL_PWR_MODULE_ENABLED
  53:Platform/STM32F4xx/drivers/STM32F4xx_HAL_Driver/Src/stm32f4xx_hal_pwr_ex.c **** 
  54:Platform/STM32F4xx/drivers/STM32F4xx_HAL_Driver/Src/stm32f4xx_hal_pwr_ex.c **** /* Private typedef -----------------------------------------------------------*/
  55:Platform/STM32F4xx/drivers/STM32F4xx_HAL_Driver/Src/stm32f4xx_hal_pwr_ex.c **** /* Private define ------------------------------------------------------------*/
  56:Platform/STM32F4xx/drivers/STM32F4xx_HAL_Driver/Src/stm32f4xx_hal_pwr_ex.c **** /** @addtogroup PWREx_Private_Constants
  57:Platform/STM32F4xx/drivers/STM32F4xx_HAL_Driver/Src/stm32f4xx_hal_pwr_ex.c ****   * @{
  58:Platform/STM32F4xx/drivers/STM32F4xx_HAL_Driver/Src/stm32f4xx_hal_pwr_ex.c ****   */    
  59:Platform/STM32F4xx/drivers/STM32F4xx_HAL_Driver/Src/stm32f4xx_hal_pwr_ex.c **** #define PWR_OVERDRIVE_TIMEOUT_VALUE  1000U
  60:Platform/STM32F4xx/drivers/STM32F4xx_HAL_Driver/Src/stm32f4xx_hal_pwr_ex.c **** #define PWR_UDERDRIVE_TIMEOUT_VALUE  1000U
  61:Platform/STM32F4xx/drivers/STM32F4xx_HAL_Driver/Src/stm32f4xx_hal_pwr_ex.c **** #define PWR_BKPREG_TIMEOUT_VALUE     1000U
  62:Platform/STM32F4xx/drivers/STM32F4xx_HAL_Driver/Src/stm32f4xx_hal_pwr_ex.c **** #define PWR_VOSRDY_TIMEOUT_VALUE     1000U
  63:Platform/STM32F4xx/drivers/STM32F4xx_HAL_Driver/Src/stm32f4xx_hal_pwr_ex.c **** /**
  64:Platform/STM32F4xx/drivers/STM32F4xx_HAL_Driver/Src/stm32f4xx_hal_pwr_ex.c ****   * @}
  65:Platform/STM32F4xx/drivers/STM32F4xx_HAL_Driver/Src/stm32f4xx_hal_pwr_ex.c ****   */
  66:Platform/STM32F4xx/drivers/STM32F4xx_HAL_Driver/Src/stm32f4xx_hal_pwr_ex.c **** 
  67:Platform/STM32F4xx/drivers/STM32F4xx_HAL_Driver/Src/stm32f4xx_hal_pwr_ex.c ****    
  68:Platform/STM32F4xx/drivers/STM32F4xx_HAL_Driver/Src/stm32f4xx_hal_pwr_ex.c **** /* Private macro -------------------------------------------------------------*/
  69:Platform/STM32F4xx/drivers/STM32F4xx_HAL_Driver/Src/stm32f4xx_hal_pwr_ex.c **** /* Private variables ---------------------------------------------------------*/
  70:Platform/STM32F4xx/drivers/STM32F4xx_HAL_Driver/Src/stm32f4xx_hal_pwr_ex.c **** /* Private function prototypes -----------------------------------------------*/
  71:Platform/STM32F4xx/drivers/STM32F4xx_HAL_Driver/Src/stm32f4xx_hal_pwr_ex.c **** /* Private functions ---------------------------------------------------------*/
  72:Platform/STM32F4xx/drivers/STM32F4xx_HAL_Driver/Src/stm32f4xx_hal_pwr_ex.c **** /** @defgroup PWREx_Exported_Functions PWREx Exported Functions
  73:Platform/STM32F4xx/drivers/STM32F4xx_HAL_Driver/Src/stm32f4xx_hal_pwr_ex.c ****   *  @{
  74:Platform/STM32F4xx/drivers/STM32F4xx_HAL_Driver/Src/stm32f4xx_hal_pwr_ex.c ****   */
  75:Platform/STM32F4xx/drivers/STM32F4xx_HAL_Driver/Src/stm32f4xx_hal_pwr_ex.c **** 
  76:Platform/STM32F4xx/drivers/STM32F4xx_HAL_Driver/Src/stm32f4xx_hal_pwr_ex.c **** /** @defgroup PWREx_Exported_Functions_Group1 Peripheral Extended features functions 
  77:Platform/STM32F4xx/drivers/STM32F4xx_HAL_Driver/Src/stm32f4xx_hal_pwr_ex.c ****   *  @brief Peripheral Extended features functions 
  78:Platform/STM32F4xx/drivers/STM32F4xx_HAL_Driver/Src/stm32f4xx_hal_pwr_ex.c ****   *
  79:Platform/STM32F4xx/drivers/STM32F4xx_HAL_Driver/Src/stm32f4xx_hal_pwr_ex.c **** @verbatim   
  80:Platform/STM32F4xx/drivers/STM32F4xx_HAL_Driver/Src/stm32f4xx_hal_pwr_ex.c **** 
  81:Platform/STM32F4xx/drivers/STM32F4xx_HAL_Driver/Src/stm32f4xx_hal_pwr_ex.c ****  ===============================================================================
  82:Platform/STM32F4xx/drivers/STM32F4xx_HAL_Driver/Src/stm32f4xx_hal_pwr_ex.c ****                  ##### Peripheral extended features functions #####
  83:Platform/STM32F4xx/drivers/STM32F4xx_HAL_Driver/Src/stm32f4xx_hal_pwr_ex.c ****  ===============================================================================
  84:Platform/STM32F4xx/drivers/STM32F4xx_HAL_Driver/Src/stm32f4xx_hal_pwr_ex.c **** 
  85:Platform/STM32F4xx/drivers/STM32F4xx_HAL_Driver/Src/stm32f4xx_hal_pwr_ex.c ****     *** Main and Backup Regulators configuration ***
  86:Platform/STM32F4xx/drivers/STM32F4xx_HAL_Driver/Src/stm32f4xx_hal_pwr_ex.c ****     ================================================
  87:Platform/STM32F4xx/drivers/STM32F4xx_HAL_Driver/Src/stm32f4xx_hal_pwr_ex.c ****     [..] 
  88:Platform/STM32F4xx/drivers/STM32F4xx_HAL_Driver/Src/stm32f4xx_hal_pwr_ex.c ****       (+) The backup domain includes 4 Kbytes of backup SRAM accessible only from 
ARM GAS  /tmp/ccoLG2vs.s 			page 3


  89:Platform/STM32F4xx/drivers/STM32F4xx_HAL_Driver/Src/stm32f4xx_hal_pwr_ex.c ****           the CPU, and address in 32-bit, 16-bit or 8-bit mode. Its content is 
  90:Platform/STM32F4xx/drivers/STM32F4xx_HAL_Driver/Src/stm32f4xx_hal_pwr_ex.c ****           retained even in Standby or VBAT mode when the low power backup regulator
  91:Platform/STM32F4xx/drivers/STM32F4xx_HAL_Driver/Src/stm32f4xx_hal_pwr_ex.c ****           is enabled. It can be considered as an internal EEPROM when VBAT is 
  92:Platform/STM32F4xx/drivers/STM32F4xx_HAL_Driver/Src/stm32f4xx_hal_pwr_ex.c ****           always present. You can use the HAL_PWREx_EnableBkUpReg() function to 
  93:Platform/STM32F4xx/drivers/STM32F4xx_HAL_Driver/Src/stm32f4xx_hal_pwr_ex.c ****           enable the low power backup regulator. 
  94:Platform/STM32F4xx/drivers/STM32F4xx_HAL_Driver/Src/stm32f4xx_hal_pwr_ex.c **** 
  95:Platform/STM32F4xx/drivers/STM32F4xx_HAL_Driver/Src/stm32f4xx_hal_pwr_ex.c ****       (+) When the backup domain is supplied by VDD (analog switch connected to VDD) 
  96:Platform/STM32F4xx/drivers/STM32F4xx_HAL_Driver/Src/stm32f4xx_hal_pwr_ex.c ****           the backup SRAM is powered from VDD which replaces the VBAT power supply to 
  97:Platform/STM32F4xx/drivers/STM32F4xx_HAL_Driver/Src/stm32f4xx_hal_pwr_ex.c ****           save battery life.
  98:Platform/STM32F4xx/drivers/STM32F4xx_HAL_Driver/Src/stm32f4xx_hal_pwr_ex.c **** 
  99:Platform/STM32F4xx/drivers/STM32F4xx_HAL_Driver/Src/stm32f4xx_hal_pwr_ex.c ****       (+) The backup SRAM is not mass erased by a tamper event. It is read 
 100:Platform/STM32F4xx/drivers/STM32F4xx_HAL_Driver/Src/stm32f4xx_hal_pwr_ex.c ****           protected to prevent confidential data, such as cryptographic private 
 101:Platform/STM32F4xx/drivers/STM32F4xx_HAL_Driver/Src/stm32f4xx_hal_pwr_ex.c ****           key, from being accessed. The backup SRAM can be erased only through 
 102:Platform/STM32F4xx/drivers/STM32F4xx_HAL_Driver/Src/stm32f4xx_hal_pwr_ex.c ****           the Flash interface when a protection level change from level 1 to 
 103:Platform/STM32F4xx/drivers/STM32F4xx_HAL_Driver/Src/stm32f4xx_hal_pwr_ex.c ****           level 0 is requested. 
 104:Platform/STM32F4xx/drivers/STM32F4xx_HAL_Driver/Src/stm32f4xx_hal_pwr_ex.c ****       -@- Refer to the description of Read protection (RDP) in the Flash 
 105:Platform/STM32F4xx/drivers/STM32F4xx_HAL_Driver/Src/stm32f4xx_hal_pwr_ex.c ****           programming manual.
 106:Platform/STM32F4xx/drivers/STM32F4xx_HAL_Driver/Src/stm32f4xx_hal_pwr_ex.c **** 
 107:Platform/STM32F4xx/drivers/STM32F4xx_HAL_Driver/Src/stm32f4xx_hal_pwr_ex.c ****       (+) The main internal regulator can be configured to have a tradeoff between 
 108:Platform/STM32F4xx/drivers/STM32F4xx_HAL_Driver/Src/stm32f4xx_hal_pwr_ex.c ****           performance and power consumption when the device does not operate at 
 109:Platform/STM32F4xx/drivers/STM32F4xx_HAL_Driver/Src/stm32f4xx_hal_pwr_ex.c ****           the maximum frequency. This is done through __HAL_PWR_MAINREGULATORMODE_CONFIG() 
 110:Platform/STM32F4xx/drivers/STM32F4xx_HAL_Driver/Src/stm32f4xx_hal_pwr_ex.c ****           macro which configure VOS bit in PWR_CR register
 111:Platform/STM32F4xx/drivers/STM32F4xx_HAL_Driver/Src/stm32f4xx_hal_pwr_ex.c ****           
 112:Platform/STM32F4xx/drivers/STM32F4xx_HAL_Driver/Src/stm32f4xx_hal_pwr_ex.c ****         Refer to the product datasheets for more details.
 113:Platform/STM32F4xx/drivers/STM32F4xx_HAL_Driver/Src/stm32f4xx_hal_pwr_ex.c **** 
 114:Platform/STM32F4xx/drivers/STM32F4xx_HAL_Driver/Src/stm32f4xx_hal_pwr_ex.c ****     *** FLASH Power Down configuration ****
 115:Platform/STM32F4xx/drivers/STM32F4xx_HAL_Driver/Src/stm32f4xx_hal_pwr_ex.c ****     =======================================
 116:Platform/STM32F4xx/drivers/STM32F4xx_HAL_Driver/Src/stm32f4xx_hal_pwr_ex.c ****     [..] 
 117:Platform/STM32F4xx/drivers/STM32F4xx_HAL_Driver/Src/stm32f4xx_hal_pwr_ex.c ****       (+) By setting the FPDS bit in the PWR_CR register by using the 
 118:Platform/STM32F4xx/drivers/STM32F4xx_HAL_Driver/Src/stm32f4xx_hal_pwr_ex.c ****           HAL_PWREx_EnableFlashPowerDown() function, the Flash memory also enters power 
 119:Platform/STM32F4xx/drivers/STM32F4xx_HAL_Driver/Src/stm32f4xx_hal_pwr_ex.c ****           down mode when the device enters Stop mode. When the Flash memory 
 120:Platform/STM32F4xx/drivers/STM32F4xx_HAL_Driver/Src/stm32f4xx_hal_pwr_ex.c ****           is in power down mode, an additional startup delay is incurred when 
 121:Platform/STM32F4xx/drivers/STM32F4xx_HAL_Driver/Src/stm32f4xx_hal_pwr_ex.c ****           waking up from Stop mode.
 122:Platform/STM32F4xx/drivers/STM32F4xx_HAL_Driver/Src/stm32f4xx_hal_pwr_ex.c ****           
 123:Platform/STM32F4xx/drivers/STM32F4xx_HAL_Driver/Src/stm32f4xx_hal_pwr_ex.c ****            (+) For STM32F42xxx/43xxx/446xx/469xx/479xx Devices, the scale can be modified only when
 124:Platform/STM32F4xx/drivers/STM32F4xx_HAL_Driver/Src/stm32f4xx_hal_pwr_ex.c ****            is OFF and the HSI or HSE clock source is selected as system clock. 
 125:Platform/STM32F4xx/drivers/STM32F4xx_HAL_Driver/Src/stm32f4xx_hal_pwr_ex.c ****            The new value programmed is active only when the PLL is ON.
 126:Platform/STM32F4xx/drivers/STM32F4xx_HAL_Driver/Src/stm32f4xx_hal_pwr_ex.c ****            When the PLL is OFF, the voltage scale 3 is automatically selected. 
 127:Platform/STM32F4xx/drivers/STM32F4xx_HAL_Driver/Src/stm32f4xx_hal_pwr_ex.c ****         Refer to the datasheets for more details.
 128:Platform/STM32F4xx/drivers/STM32F4xx_HAL_Driver/Src/stm32f4xx_hal_pwr_ex.c **** 
 129:Platform/STM32F4xx/drivers/STM32F4xx_HAL_Driver/Src/stm32f4xx_hal_pwr_ex.c ****     *** Over-Drive and Under-Drive configuration ****
 130:Platform/STM32F4xx/drivers/STM32F4xx_HAL_Driver/Src/stm32f4xx_hal_pwr_ex.c ****     =================================================
 131:Platform/STM32F4xx/drivers/STM32F4xx_HAL_Driver/Src/stm32f4xx_hal_pwr_ex.c ****     [..]         
 132:Platform/STM32F4xx/drivers/STM32F4xx_HAL_Driver/Src/stm32f4xx_hal_pwr_ex.c ****        (+) For STM32F42xxx/43xxx/446xx/469xx/479xx Devices, in Run mode: the main regulator has
 133:Platform/STM32F4xx/drivers/STM32F4xx_HAL_Driver/Src/stm32f4xx_hal_pwr_ex.c ****            2 operating modes available:
 134:Platform/STM32F4xx/drivers/STM32F4xx_HAL_Driver/Src/stm32f4xx_hal_pwr_ex.c ****         (++) Normal mode: The CPU and core logic operate at maximum frequency at a given 
 135:Platform/STM32F4xx/drivers/STM32F4xx_HAL_Driver/Src/stm32f4xx_hal_pwr_ex.c ****              voltage scaling (scale 1, scale 2 or scale 3)
 136:Platform/STM32F4xx/drivers/STM32F4xx_HAL_Driver/Src/stm32f4xx_hal_pwr_ex.c ****         (++) Over-drive mode: This mode allows the CPU and the core logic to operate at a 
 137:Platform/STM32F4xx/drivers/STM32F4xx_HAL_Driver/Src/stm32f4xx_hal_pwr_ex.c ****             higher frequency than the normal mode for a given voltage scaling (scale 1,  
 138:Platform/STM32F4xx/drivers/STM32F4xx_HAL_Driver/Src/stm32f4xx_hal_pwr_ex.c ****             scale 2 or scale 3). This mode is enabled through HAL_PWREx_EnableOverDrive() function 
 139:Platform/STM32F4xx/drivers/STM32F4xx_HAL_Driver/Src/stm32f4xx_hal_pwr_ex.c ****             disabled by HAL_PWREx_DisableOverDrive() function, to enter or exit from Over-drive mod
 140:Platform/STM32F4xx/drivers/STM32F4xx_HAL_Driver/Src/stm32f4xx_hal_pwr_ex.c ****             the sequence described in Reference manual.
 141:Platform/STM32F4xx/drivers/STM32F4xx_HAL_Driver/Src/stm32f4xx_hal_pwr_ex.c ****              
 142:Platform/STM32F4xx/drivers/STM32F4xx_HAL_Driver/Src/stm32f4xx_hal_pwr_ex.c ****        (+) For STM32F42xxx/43xxx/446xx/469xx/479xx Devices, in Stop mode: the main regulator or low
 143:Platform/STM32F4xx/drivers/STM32F4xx_HAL_Driver/Src/stm32f4xx_hal_pwr_ex.c ****            supplies a low power voltage to the 1.2V domain, thus preserving the content of register
 144:Platform/STM32F4xx/drivers/STM32F4xx_HAL_Driver/Src/stm32f4xx_hal_pwr_ex.c ****            and internal SRAM. 2 operating modes are available:
 145:Platform/STM32F4xx/drivers/STM32F4xx_HAL_Driver/Src/stm32f4xx_hal_pwr_ex.c ****          (++) Normal mode: the 1.2V domain is preserved in nominal leakage mode. This mode is only 
ARM GAS  /tmp/ccoLG2vs.s 			page 4


 146:Platform/STM32F4xx/drivers/STM32F4xx_HAL_Driver/Src/stm32f4xx_hal_pwr_ex.c ****               available when the main regulator or the low power regulator is used in Scale 3 or 
 147:Platform/STM32F4xx/drivers/STM32F4xx_HAL_Driver/Src/stm32f4xx_hal_pwr_ex.c ****               low voltage mode.
 148:Platform/STM32F4xx/drivers/STM32F4xx_HAL_Driver/Src/stm32f4xx_hal_pwr_ex.c ****          (++) Under-drive mode: the 1.2V domain is preserved in reduced leakage mode. This mode is 
 149:Platform/STM32F4xx/drivers/STM32F4xx_HAL_Driver/Src/stm32f4xx_hal_pwr_ex.c ****               available when the main regulator or the low power regulator is in low voltage mode.
 150:Platform/STM32F4xx/drivers/STM32F4xx_HAL_Driver/Src/stm32f4xx_hal_pwr_ex.c **** 
 151:Platform/STM32F4xx/drivers/STM32F4xx_HAL_Driver/Src/stm32f4xx_hal_pwr_ex.c **** @endverbatim
 152:Platform/STM32F4xx/drivers/STM32F4xx_HAL_Driver/Src/stm32f4xx_hal_pwr_ex.c ****   * @{
 153:Platform/STM32F4xx/drivers/STM32F4xx_HAL_Driver/Src/stm32f4xx_hal_pwr_ex.c ****   */
 154:Platform/STM32F4xx/drivers/STM32F4xx_HAL_Driver/Src/stm32f4xx_hal_pwr_ex.c **** 
 155:Platform/STM32F4xx/drivers/STM32F4xx_HAL_Driver/Src/stm32f4xx_hal_pwr_ex.c **** /**
 156:Platform/STM32F4xx/drivers/STM32F4xx_HAL_Driver/Src/stm32f4xx_hal_pwr_ex.c ****   * @brief Enables the Backup Regulator.
 157:Platform/STM32F4xx/drivers/STM32F4xx_HAL_Driver/Src/stm32f4xx_hal_pwr_ex.c ****   * @retval HAL status
 158:Platform/STM32F4xx/drivers/STM32F4xx_HAL_Driver/Src/stm32f4xx_hal_pwr_ex.c ****   */
 159:Platform/STM32F4xx/drivers/STM32F4xx_HAL_Driver/Src/stm32f4xx_hal_pwr_ex.c **** HAL_StatusTypeDef HAL_PWREx_EnableBkUpReg(void)
 160:Platform/STM32F4xx/drivers/STM32F4xx_HAL_Driver/Src/stm32f4xx_hal_pwr_ex.c **** {
  28              		.loc 1 160 0
  29              		.cfi_startproc
  30              		@ args = 0, pretend = 0, frame = 0
  31              		@ frame_needed = 0, uses_anonymous_args = 0
  32 0000 10B5     		push	{r4, lr}
  33              	.LCFI0:
  34              		.cfi_def_cfa_offset 8
  35              		.cfi_offset 4, -8
  36              		.cfi_offset 14, -4
  37              	.LVL0:
 161:Platform/STM32F4xx/drivers/STM32F4xx_HAL_Driver/Src/stm32f4xx_hal_pwr_ex.c ****   uint32_t tickstart = 0U;
 162:Platform/STM32F4xx/drivers/STM32F4xx_HAL_Driver/Src/stm32f4xx_hal_pwr_ex.c **** 
 163:Platform/STM32F4xx/drivers/STM32F4xx_HAL_Driver/Src/stm32f4xx_hal_pwr_ex.c ****   *(__IO uint32_t *) CSR_BRE_BB = (uint32_t)ENABLE;
  38              		.loc 1 163 0
  39 0002 0A4B     		ldr	r3, .L8
  40 0004 0122     		movs	r2, #1
  41 0006 1A60     		str	r2, [r3]
 164:Platform/STM32F4xx/drivers/STM32F4xx_HAL_Driver/Src/stm32f4xx_hal_pwr_ex.c **** 
 165:Platform/STM32F4xx/drivers/STM32F4xx_HAL_Driver/Src/stm32f4xx_hal_pwr_ex.c ****   /* Get tick */
 166:Platform/STM32F4xx/drivers/STM32F4xx_HAL_Driver/Src/stm32f4xx_hal_pwr_ex.c ****   tickstart = HAL_GetTick();
  42              		.loc 1 166 0
  43 0008 FFF7FEFF 		bl	HAL_GetTick
  44              	.LVL1:
  45 000c 0446     		mov	r4, r0
  46              	.LVL2:
  47              	.L2:
 167:Platform/STM32F4xx/drivers/STM32F4xx_HAL_Driver/Src/stm32f4xx_hal_pwr_ex.c **** 
 168:Platform/STM32F4xx/drivers/STM32F4xx_HAL_Driver/Src/stm32f4xx_hal_pwr_ex.c ****   /* Wait till Backup regulator ready flag is set */  
 169:Platform/STM32F4xx/drivers/STM32F4xx_HAL_Driver/Src/stm32f4xx_hal_pwr_ex.c ****   while(__HAL_PWR_GET_FLAG(PWR_FLAG_BRR) == RESET)
  48              		.loc 1 169 0
  49 000e 084B     		ldr	r3, .L8+4
  50 0010 5B68     		ldr	r3, [r3, #4]
  51 0012 13F0080F 		tst	r3, #8
  52 0016 07D1     		bne	.L7
 170:Platform/STM32F4xx/drivers/STM32F4xx_HAL_Driver/Src/stm32f4xx_hal_pwr_ex.c ****   {
 171:Platform/STM32F4xx/drivers/STM32F4xx_HAL_Driver/Src/stm32f4xx_hal_pwr_ex.c ****     if((HAL_GetTick() - tickstart ) > PWR_BKPREG_TIMEOUT_VALUE)
  53              		.loc 1 171 0
  54 0018 FFF7FEFF 		bl	HAL_GetTick
  55              	.LVL3:
  56 001c 001B     		subs	r0, r0, r4
  57 001e B0F57A7F 		cmp	r0, #1000
  58 0022 F4D9     		bls	.L2
ARM GAS  /tmp/ccoLG2vs.s 			page 5


 172:Platform/STM32F4xx/drivers/STM32F4xx_HAL_Driver/Src/stm32f4xx_hal_pwr_ex.c ****     {
 173:Platform/STM32F4xx/drivers/STM32F4xx_HAL_Driver/Src/stm32f4xx_hal_pwr_ex.c ****       return HAL_TIMEOUT;
  59              		.loc 1 173 0
  60 0024 0320     		movs	r0, #3
  61 0026 00E0     		b	.L3
  62              	.L7:
 174:Platform/STM32F4xx/drivers/STM32F4xx_HAL_Driver/Src/stm32f4xx_hal_pwr_ex.c ****     } 
 175:Platform/STM32F4xx/drivers/STM32F4xx_HAL_Driver/Src/stm32f4xx_hal_pwr_ex.c ****   }
 176:Platform/STM32F4xx/drivers/STM32F4xx_HAL_Driver/Src/stm32f4xx_hal_pwr_ex.c ****   return HAL_OK;
  63              		.loc 1 176 0
  64 0028 0020     		movs	r0, #0
  65              	.L3:
 177:Platform/STM32F4xx/drivers/STM32F4xx_HAL_Driver/Src/stm32f4xx_hal_pwr_ex.c **** }
  66              		.loc 1 177 0
  67 002a 10BD     		pop	{r4, pc}
  68              	.LVL4:
  69              	.L9:
  70              		.align	2
  71              	.L8:
  72 002c A4000E42 		.word	1108213924
  73 0030 00700040 		.word	1073770496
  74              		.cfi_endproc
  75              	.LFE126:
  77              		.section	.text.HAL_PWREx_DisableBkUpReg,"ax",%progbits
  78              		.align	1
  79              		.global	HAL_PWREx_DisableBkUpReg
  80              		.syntax unified
  81              		.thumb
  82              		.thumb_func
  83              		.fpu fpv4-sp-d16
  85              	HAL_PWREx_DisableBkUpReg:
  86              	.LFB127:
 178:Platform/STM32F4xx/drivers/STM32F4xx_HAL_Driver/Src/stm32f4xx_hal_pwr_ex.c **** 
 179:Platform/STM32F4xx/drivers/STM32F4xx_HAL_Driver/Src/stm32f4xx_hal_pwr_ex.c **** /**
 180:Platform/STM32F4xx/drivers/STM32F4xx_HAL_Driver/Src/stm32f4xx_hal_pwr_ex.c ****   * @brief Disables the Backup Regulator.
 181:Platform/STM32F4xx/drivers/STM32F4xx_HAL_Driver/Src/stm32f4xx_hal_pwr_ex.c ****   * @retval HAL status
 182:Platform/STM32F4xx/drivers/STM32F4xx_HAL_Driver/Src/stm32f4xx_hal_pwr_ex.c ****   */
 183:Platform/STM32F4xx/drivers/STM32F4xx_HAL_Driver/Src/stm32f4xx_hal_pwr_ex.c **** HAL_StatusTypeDef HAL_PWREx_DisableBkUpReg(void)
 184:Platform/STM32F4xx/drivers/STM32F4xx_HAL_Driver/Src/stm32f4xx_hal_pwr_ex.c **** {
  87              		.loc 1 184 0
  88              		.cfi_startproc
  89              		@ args = 0, pretend = 0, frame = 0
  90              		@ frame_needed = 0, uses_anonymous_args = 0
  91 0000 10B5     		push	{r4, lr}
  92              	.LCFI1:
  93              		.cfi_def_cfa_offset 8
  94              		.cfi_offset 4, -8
  95              		.cfi_offset 14, -4
  96              	.LVL5:
 185:Platform/STM32F4xx/drivers/STM32F4xx_HAL_Driver/Src/stm32f4xx_hal_pwr_ex.c ****   uint32_t tickstart = 0U;
 186:Platform/STM32F4xx/drivers/STM32F4xx_HAL_Driver/Src/stm32f4xx_hal_pwr_ex.c **** 
 187:Platform/STM32F4xx/drivers/STM32F4xx_HAL_Driver/Src/stm32f4xx_hal_pwr_ex.c ****   *(__IO uint32_t *) CSR_BRE_BB = (uint32_t)DISABLE;
  97              		.loc 1 187 0
  98 0002 0A4B     		ldr	r3, .L17
  99 0004 0022     		movs	r2, #0
 100 0006 1A60     		str	r2, [r3]
 188:Platform/STM32F4xx/drivers/STM32F4xx_HAL_Driver/Src/stm32f4xx_hal_pwr_ex.c **** 
ARM GAS  /tmp/ccoLG2vs.s 			page 6


 189:Platform/STM32F4xx/drivers/STM32F4xx_HAL_Driver/Src/stm32f4xx_hal_pwr_ex.c ****   /* Get tick */
 190:Platform/STM32F4xx/drivers/STM32F4xx_HAL_Driver/Src/stm32f4xx_hal_pwr_ex.c ****   tickstart = HAL_GetTick();
 101              		.loc 1 190 0
 102 0008 FFF7FEFF 		bl	HAL_GetTick
 103              	.LVL6:
 104 000c 0446     		mov	r4, r0
 105              	.LVL7:
 106              	.L11:
 191:Platform/STM32F4xx/drivers/STM32F4xx_HAL_Driver/Src/stm32f4xx_hal_pwr_ex.c **** 
 192:Platform/STM32F4xx/drivers/STM32F4xx_HAL_Driver/Src/stm32f4xx_hal_pwr_ex.c ****   /* Wait till Backup regulator ready flag is set */  
 193:Platform/STM32F4xx/drivers/STM32F4xx_HAL_Driver/Src/stm32f4xx_hal_pwr_ex.c ****   while(__HAL_PWR_GET_FLAG(PWR_FLAG_BRR) != RESET)
 107              		.loc 1 193 0
 108 000e 084B     		ldr	r3, .L17+4
 109 0010 5B68     		ldr	r3, [r3, #4]
 110 0012 13F0080F 		tst	r3, #8
 111 0016 07D0     		beq	.L16
 194:Platform/STM32F4xx/drivers/STM32F4xx_HAL_Driver/Src/stm32f4xx_hal_pwr_ex.c ****   {
 195:Platform/STM32F4xx/drivers/STM32F4xx_HAL_Driver/Src/stm32f4xx_hal_pwr_ex.c ****     if((HAL_GetTick() - tickstart ) > PWR_BKPREG_TIMEOUT_VALUE)
 112              		.loc 1 195 0
 113 0018 FFF7FEFF 		bl	HAL_GetTick
 114              	.LVL8:
 115 001c 001B     		subs	r0, r0, r4
 116 001e B0F57A7F 		cmp	r0, #1000
 117 0022 F4D9     		bls	.L11
 196:Platform/STM32F4xx/drivers/STM32F4xx_HAL_Driver/Src/stm32f4xx_hal_pwr_ex.c ****     {
 197:Platform/STM32F4xx/drivers/STM32F4xx_HAL_Driver/Src/stm32f4xx_hal_pwr_ex.c ****       return HAL_TIMEOUT;
 118              		.loc 1 197 0
 119 0024 0320     		movs	r0, #3
 120 0026 00E0     		b	.L12
 121              	.L16:
 198:Platform/STM32F4xx/drivers/STM32F4xx_HAL_Driver/Src/stm32f4xx_hal_pwr_ex.c ****     } 
 199:Platform/STM32F4xx/drivers/STM32F4xx_HAL_Driver/Src/stm32f4xx_hal_pwr_ex.c ****   }
 200:Platform/STM32F4xx/drivers/STM32F4xx_HAL_Driver/Src/stm32f4xx_hal_pwr_ex.c ****   return HAL_OK;
 122              		.loc 1 200 0
 123 0028 0020     		movs	r0, #0
 124              	.L12:
 201:Platform/STM32F4xx/drivers/STM32F4xx_HAL_Driver/Src/stm32f4xx_hal_pwr_ex.c **** }
 125              		.loc 1 201 0
 126 002a 10BD     		pop	{r4, pc}
 127              	.LVL9:
 128              	.L18:
 129              		.align	2
 130              	.L17:
 131 002c A4000E42 		.word	1108213924
 132 0030 00700040 		.word	1073770496
 133              		.cfi_endproc
 134              	.LFE127:
 136              		.section	.text.HAL_PWREx_EnableFlashPowerDown,"ax",%progbits
 137              		.align	1
 138              		.global	HAL_PWREx_EnableFlashPowerDown
 139              		.syntax unified
 140              		.thumb
 141              		.thumb_func
 142              		.fpu fpv4-sp-d16
 144              	HAL_PWREx_EnableFlashPowerDown:
 145              	.LFB128:
 202:Platform/STM32F4xx/drivers/STM32F4xx_HAL_Driver/Src/stm32f4xx_hal_pwr_ex.c **** 
ARM GAS  /tmp/ccoLG2vs.s 			page 7


 203:Platform/STM32F4xx/drivers/STM32F4xx_HAL_Driver/Src/stm32f4xx_hal_pwr_ex.c **** /**
 204:Platform/STM32F4xx/drivers/STM32F4xx_HAL_Driver/Src/stm32f4xx_hal_pwr_ex.c ****   * @brief Enables the Flash Power Down in Stop mode.
 205:Platform/STM32F4xx/drivers/STM32F4xx_HAL_Driver/Src/stm32f4xx_hal_pwr_ex.c ****   * @retval None
 206:Platform/STM32F4xx/drivers/STM32F4xx_HAL_Driver/Src/stm32f4xx_hal_pwr_ex.c ****   */
 207:Platform/STM32F4xx/drivers/STM32F4xx_HAL_Driver/Src/stm32f4xx_hal_pwr_ex.c **** void HAL_PWREx_EnableFlashPowerDown(void)
 208:Platform/STM32F4xx/drivers/STM32F4xx_HAL_Driver/Src/stm32f4xx_hal_pwr_ex.c **** {
 146              		.loc 1 208 0
 147              		.cfi_startproc
 148              		@ args = 0, pretend = 0, frame = 0
 149              		@ frame_needed = 0, uses_anonymous_args = 0
 150              		@ link register save eliminated.
 209:Platform/STM32F4xx/drivers/STM32F4xx_HAL_Driver/Src/stm32f4xx_hal_pwr_ex.c ****   *(__IO uint32_t *) CR_FPDS_BB = (uint32_t)ENABLE;
 151              		.loc 1 209 0
 152 0000 014B     		ldr	r3, .L20
 153 0002 0122     		movs	r2, #1
 154 0004 1A60     		str	r2, [r3]
 210:Platform/STM32F4xx/drivers/STM32F4xx_HAL_Driver/Src/stm32f4xx_hal_pwr_ex.c **** }
 155              		.loc 1 210 0
 156 0006 7047     		bx	lr
 157              	.L21:
 158              		.align	2
 159              	.L20:
 160 0008 24000E42 		.word	1108213796
 161              		.cfi_endproc
 162              	.LFE128:
 164              		.section	.text.HAL_PWREx_DisableFlashPowerDown,"ax",%progbits
 165              		.align	1
 166              		.global	HAL_PWREx_DisableFlashPowerDown
 167              		.syntax unified
 168              		.thumb
 169              		.thumb_func
 170              		.fpu fpv4-sp-d16
 172              	HAL_PWREx_DisableFlashPowerDown:
 173              	.LFB129:
 211:Platform/STM32F4xx/drivers/STM32F4xx_HAL_Driver/Src/stm32f4xx_hal_pwr_ex.c **** 
 212:Platform/STM32F4xx/drivers/STM32F4xx_HAL_Driver/Src/stm32f4xx_hal_pwr_ex.c **** /**
 213:Platform/STM32F4xx/drivers/STM32F4xx_HAL_Driver/Src/stm32f4xx_hal_pwr_ex.c ****   * @brief Disables the Flash Power Down in Stop mode.
 214:Platform/STM32F4xx/drivers/STM32F4xx_HAL_Driver/Src/stm32f4xx_hal_pwr_ex.c ****   * @retval None
 215:Platform/STM32F4xx/drivers/STM32F4xx_HAL_Driver/Src/stm32f4xx_hal_pwr_ex.c ****   */
 216:Platform/STM32F4xx/drivers/STM32F4xx_HAL_Driver/Src/stm32f4xx_hal_pwr_ex.c **** void HAL_PWREx_DisableFlashPowerDown(void)
 217:Platform/STM32F4xx/drivers/STM32F4xx_HAL_Driver/Src/stm32f4xx_hal_pwr_ex.c **** {
 174              		.loc 1 217 0
 175              		.cfi_startproc
 176              		@ args = 0, pretend = 0, frame = 0
 177              		@ frame_needed = 0, uses_anonymous_args = 0
 178              		@ link register save eliminated.
 218:Platform/STM32F4xx/drivers/STM32F4xx_HAL_Driver/Src/stm32f4xx_hal_pwr_ex.c ****   *(__IO uint32_t *) CR_FPDS_BB = (uint32_t)DISABLE;
 179              		.loc 1 218 0
 180 0000 014B     		ldr	r3, .L23
 181 0002 0022     		movs	r2, #0
 182 0004 1A60     		str	r2, [r3]
 219:Platform/STM32F4xx/drivers/STM32F4xx_HAL_Driver/Src/stm32f4xx_hal_pwr_ex.c **** }
 183              		.loc 1 219 0
 184 0006 7047     		bx	lr
 185              	.L24:
 186              		.align	2
 187              	.L23:
ARM GAS  /tmp/ccoLG2vs.s 			page 8


 188 0008 24000E42 		.word	1108213796
 189              		.cfi_endproc
 190              	.LFE129:
 192              		.section	.text.HAL_PWREx_GetVoltageRange,"ax",%progbits
 193              		.align	1
 194              		.global	HAL_PWREx_GetVoltageRange
 195              		.syntax unified
 196              		.thumb
 197              		.thumb_func
 198              		.fpu fpv4-sp-d16
 200              	HAL_PWREx_GetVoltageRange:
 201              	.LFB130:
 220:Platform/STM32F4xx/drivers/STM32F4xx_HAL_Driver/Src/stm32f4xx_hal_pwr_ex.c **** 
 221:Platform/STM32F4xx/drivers/STM32F4xx_HAL_Driver/Src/stm32f4xx_hal_pwr_ex.c **** /**
 222:Platform/STM32F4xx/drivers/STM32F4xx_HAL_Driver/Src/stm32f4xx_hal_pwr_ex.c ****   * @brief Return Voltage Scaling Range.
 223:Platform/STM32F4xx/drivers/STM32F4xx_HAL_Driver/Src/stm32f4xx_hal_pwr_ex.c ****   * @retval The configured scale for the regulator voltage(VOS bit field).
 224:Platform/STM32F4xx/drivers/STM32F4xx_HAL_Driver/Src/stm32f4xx_hal_pwr_ex.c ****   *         The returned value can be one of the following:
 225:Platform/STM32F4xx/drivers/STM32F4xx_HAL_Driver/Src/stm32f4xx_hal_pwr_ex.c ****   *            - @arg PWR_REGULATOR_VOLTAGE_SCALE1: Regulator voltage output Scale 1 mode
 226:Platform/STM32F4xx/drivers/STM32F4xx_HAL_Driver/Src/stm32f4xx_hal_pwr_ex.c ****   *            - @arg PWR_REGULATOR_VOLTAGE_SCALE2: Regulator voltage output Scale 2 mode
 227:Platform/STM32F4xx/drivers/STM32F4xx_HAL_Driver/Src/stm32f4xx_hal_pwr_ex.c ****   *            - @arg PWR_REGULATOR_VOLTAGE_SCALE3: Regulator voltage output Scale 3 mode
 228:Platform/STM32F4xx/drivers/STM32F4xx_HAL_Driver/Src/stm32f4xx_hal_pwr_ex.c ****   */  
 229:Platform/STM32F4xx/drivers/STM32F4xx_HAL_Driver/Src/stm32f4xx_hal_pwr_ex.c **** uint32_t HAL_PWREx_GetVoltageRange(void)
 230:Platform/STM32F4xx/drivers/STM32F4xx_HAL_Driver/Src/stm32f4xx_hal_pwr_ex.c **** {
 202              		.loc 1 230 0
 203              		.cfi_startproc
 204              		@ args = 0, pretend = 0, frame = 0
 205              		@ frame_needed = 0, uses_anonymous_args = 0
 206              		@ link register save eliminated.
 231:Platform/STM32F4xx/drivers/STM32F4xx_HAL_Driver/Src/stm32f4xx_hal_pwr_ex.c ****   return (PWR->CR & PWR_CR_VOS);
 207              		.loc 1 231 0
 208 0000 024B     		ldr	r3, .L26
 209 0002 1868     		ldr	r0, [r3]
 232:Platform/STM32F4xx/drivers/STM32F4xx_HAL_Driver/Src/stm32f4xx_hal_pwr_ex.c **** }
 210              		.loc 1 232 0
 211 0004 00F44040 		and	r0, r0, #49152
 212 0008 7047     		bx	lr
 213              	.L27:
 214 000a 00BF     		.align	2
 215              	.L26:
 216 000c 00700040 		.word	1073770496
 217              		.cfi_endproc
 218              	.LFE130:
 220              		.section	.text.HAL_PWREx_ControlVoltageScaling,"ax",%progbits
 221              		.align	1
 222              		.global	HAL_PWREx_ControlVoltageScaling
 223              		.syntax unified
 224              		.thumb
 225              		.thumb_func
 226              		.fpu fpv4-sp-d16
 228              	HAL_PWREx_ControlVoltageScaling:
 229              	.LFB131:
 233:Platform/STM32F4xx/drivers/STM32F4xx_HAL_Driver/Src/stm32f4xx_hal_pwr_ex.c **** 
 234:Platform/STM32F4xx/drivers/STM32F4xx_HAL_Driver/Src/stm32f4xx_hal_pwr_ex.c **** #if defined(STM32F405xx) || defined(STM32F415xx) || defined(STM32F407xx) || defined(STM32F417xx)
 235:Platform/STM32F4xx/drivers/STM32F4xx_HAL_Driver/Src/stm32f4xx_hal_pwr_ex.c **** /**
 236:Platform/STM32F4xx/drivers/STM32F4xx_HAL_Driver/Src/stm32f4xx_hal_pwr_ex.c ****   * @brief Configures the main internal regulator output voltage.
 237:Platform/STM32F4xx/drivers/STM32F4xx_HAL_Driver/Src/stm32f4xx_hal_pwr_ex.c ****   * @param  VoltageScaling specifies the regulator output voltage to achieve
 238:Platform/STM32F4xx/drivers/STM32F4xx_HAL_Driver/Src/stm32f4xx_hal_pwr_ex.c ****   *         a tradeoff between performance and power consumption.
ARM GAS  /tmp/ccoLG2vs.s 			page 9


 239:Platform/STM32F4xx/drivers/STM32F4xx_HAL_Driver/Src/stm32f4xx_hal_pwr_ex.c ****   *          This parameter can be one of the following values:
 240:Platform/STM32F4xx/drivers/STM32F4xx_HAL_Driver/Src/stm32f4xx_hal_pwr_ex.c ****   *            @arg PWR_REGULATOR_VOLTAGE_SCALE1: Regulator voltage output range 1 mode,
 241:Platform/STM32F4xx/drivers/STM32F4xx_HAL_Driver/Src/stm32f4xx_hal_pwr_ex.c ****   *                                               the maximum value of fHCLK = 168 MHz.
 242:Platform/STM32F4xx/drivers/STM32F4xx_HAL_Driver/Src/stm32f4xx_hal_pwr_ex.c ****   *            @arg PWR_REGULATOR_VOLTAGE_SCALE2: Regulator voltage output range 2 mode,
 243:Platform/STM32F4xx/drivers/STM32F4xx_HAL_Driver/Src/stm32f4xx_hal_pwr_ex.c ****   *                                               the maximum value of fHCLK = 144 MHz.
 244:Platform/STM32F4xx/drivers/STM32F4xx_HAL_Driver/Src/stm32f4xx_hal_pwr_ex.c ****   * @note  When moving from Range 1 to Range 2, the system frequency must be decreased to
 245:Platform/STM32F4xx/drivers/STM32F4xx_HAL_Driver/Src/stm32f4xx_hal_pwr_ex.c ****   *        a value below 144 MHz before calling HAL_PWREx_ConfigVoltageScaling() API.
 246:Platform/STM32F4xx/drivers/STM32F4xx_HAL_Driver/Src/stm32f4xx_hal_pwr_ex.c ****   *        When moving from Range 2 to Range 1, the system frequency can be increased to
 247:Platform/STM32F4xx/drivers/STM32F4xx_HAL_Driver/Src/stm32f4xx_hal_pwr_ex.c ****   *        a value up to 168 MHz after calling HAL_PWREx_ConfigVoltageScaling() API.
 248:Platform/STM32F4xx/drivers/STM32F4xx_HAL_Driver/Src/stm32f4xx_hal_pwr_ex.c ****   * @retval HAL Status
 249:Platform/STM32F4xx/drivers/STM32F4xx_HAL_Driver/Src/stm32f4xx_hal_pwr_ex.c ****   */
 250:Platform/STM32F4xx/drivers/STM32F4xx_HAL_Driver/Src/stm32f4xx_hal_pwr_ex.c **** HAL_StatusTypeDef HAL_PWREx_ControlVoltageScaling(uint32_t VoltageScaling)
 251:Platform/STM32F4xx/drivers/STM32F4xx_HAL_Driver/Src/stm32f4xx_hal_pwr_ex.c **** {
 252:Platform/STM32F4xx/drivers/STM32F4xx_HAL_Driver/Src/stm32f4xx_hal_pwr_ex.c ****   uint32_t tickstart = 0U;
 253:Platform/STM32F4xx/drivers/STM32F4xx_HAL_Driver/Src/stm32f4xx_hal_pwr_ex.c ****   
 254:Platform/STM32F4xx/drivers/STM32F4xx_HAL_Driver/Src/stm32f4xx_hal_pwr_ex.c ****   assert_param(IS_PWR_VOLTAGE_SCALING_RANGE(VoltageScaling));
 255:Platform/STM32F4xx/drivers/STM32F4xx_HAL_Driver/Src/stm32f4xx_hal_pwr_ex.c ****   
 256:Platform/STM32F4xx/drivers/STM32F4xx_HAL_Driver/Src/stm32f4xx_hal_pwr_ex.c ****   /* Enable PWR RCC Clock Peripheral */
 257:Platform/STM32F4xx/drivers/STM32F4xx_HAL_Driver/Src/stm32f4xx_hal_pwr_ex.c ****   __HAL_RCC_PWR_CLK_ENABLE();
 258:Platform/STM32F4xx/drivers/STM32F4xx_HAL_Driver/Src/stm32f4xx_hal_pwr_ex.c ****   
 259:Platform/STM32F4xx/drivers/STM32F4xx_HAL_Driver/Src/stm32f4xx_hal_pwr_ex.c ****   /* Set Range */
 260:Platform/STM32F4xx/drivers/STM32F4xx_HAL_Driver/Src/stm32f4xx_hal_pwr_ex.c ****   __HAL_PWR_VOLTAGESCALING_CONFIG(VoltageScaling);
 261:Platform/STM32F4xx/drivers/STM32F4xx_HAL_Driver/Src/stm32f4xx_hal_pwr_ex.c ****   
 262:Platform/STM32F4xx/drivers/STM32F4xx_HAL_Driver/Src/stm32f4xx_hal_pwr_ex.c ****   /* Get Start Tick*/
 263:Platform/STM32F4xx/drivers/STM32F4xx_HAL_Driver/Src/stm32f4xx_hal_pwr_ex.c ****   tickstart = HAL_GetTick();
 264:Platform/STM32F4xx/drivers/STM32F4xx_HAL_Driver/Src/stm32f4xx_hal_pwr_ex.c ****   while((__HAL_PWR_GET_FLAG(PWR_FLAG_VOSRDY) == RESET))
 265:Platform/STM32F4xx/drivers/STM32F4xx_HAL_Driver/Src/stm32f4xx_hal_pwr_ex.c ****   {
 266:Platform/STM32F4xx/drivers/STM32F4xx_HAL_Driver/Src/stm32f4xx_hal_pwr_ex.c ****     if((HAL_GetTick() - tickstart ) > PWR_VOSRDY_TIMEOUT_VALUE)
 267:Platform/STM32F4xx/drivers/STM32F4xx_HAL_Driver/Src/stm32f4xx_hal_pwr_ex.c ****     {
 268:Platform/STM32F4xx/drivers/STM32F4xx_HAL_Driver/Src/stm32f4xx_hal_pwr_ex.c ****       return HAL_TIMEOUT;
 269:Platform/STM32F4xx/drivers/STM32F4xx_HAL_Driver/Src/stm32f4xx_hal_pwr_ex.c ****     } 
 270:Platform/STM32F4xx/drivers/STM32F4xx_HAL_Driver/Src/stm32f4xx_hal_pwr_ex.c ****   }
 271:Platform/STM32F4xx/drivers/STM32F4xx_HAL_Driver/Src/stm32f4xx_hal_pwr_ex.c **** 
 272:Platform/STM32F4xx/drivers/STM32F4xx_HAL_Driver/Src/stm32f4xx_hal_pwr_ex.c ****   return HAL_OK;
 273:Platform/STM32F4xx/drivers/STM32F4xx_HAL_Driver/Src/stm32f4xx_hal_pwr_ex.c **** }
 274:Platform/STM32F4xx/drivers/STM32F4xx_HAL_Driver/Src/stm32f4xx_hal_pwr_ex.c **** 
 275:Platform/STM32F4xx/drivers/STM32F4xx_HAL_Driver/Src/stm32f4xx_hal_pwr_ex.c **** #elif defined(STM32F427xx) || defined(STM32F437xx) || defined(STM32F429xx) || defined(STM32F439xx) 
 276:Platform/STM32F4xx/drivers/STM32F4xx_HAL_Driver/Src/stm32f4xx_hal_pwr_ex.c ****       defined(STM32F401xC) || defined(STM32F401xE) || defined(STM32F410Tx) || defined(STM32F410Cx) 
 277:Platform/STM32F4xx/drivers/STM32F4xx_HAL_Driver/Src/stm32f4xx_hal_pwr_ex.c ****       defined(STM32F410Rx) || defined(STM32F411xE) || defined(STM32F446xx) || defined(STM32F469xx) 
 278:Platform/STM32F4xx/drivers/STM32F4xx_HAL_Driver/Src/stm32f4xx_hal_pwr_ex.c ****       defined(STM32F479xx) || defined(STM32F412Zx) || defined(STM32F412Vx) || defined(STM32F412Rx) 
 279:Platform/STM32F4xx/drivers/STM32F4xx_HAL_Driver/Src/stm32f4xx_hal_pwr_ex.c ****       defined(STM32F412Cx) || defined(STM32F413xx) || defined(STM32F423xx)
 280:Platform/STM32F4xx/drivers/STM32F4xx_HAL_Driver/Src/stm32f4xx_hal_pwr_ex.c **** /**
 281:Platform/STM32F4xx/drivers/STM32F4xx_HAL_Driver/Src/stm32f4xx_hal_pwr_ex.c ****   * @brief Configures the main internal regulator output voltage.
 282:Platform/STM32F4xx/drivers/STM32F4xx_HAL_Driver/Src/stm32f4xx_hal_pwr_ex.c ****   * @param  VoltageScaling specifies the regulator output voltage to achieve
 283:Platform/STM32F4xx/drivers/STM32F4xx_HAL_Driver/Src/stm32f4xx_hal_pwr_ex.c ****   *         a tradeoff between performance and power consumption.
 284:Platform/STM32F4xx/drivers/STM32F4xx_HAL_Driver/Src/stm32f4xx_hal_pwr_ex.c ****   *          This parameter can be one of the following values:
 285:Platform/STM32F4xx/drivers/STM32F4xx_HAL_Driver/Src/stm32f4xx_hal_pwr_ex.c ****   *            @arg PWR_REGULATOR_VOLTAGE_SCALE1: Regulator voltage output range 1 mode,
 286:Platform/STM32F4xx/drivers/STM32F4xx_HAL_Driver/Src/stm32f4xx_hal_pwr_ex.c ****   *                                               the maximum value of fHCLK is 168 MHz. It can be 
 287:Platform/STM32F4xx/drivers/STM32F4xx_HAL_Driver/Src/stm32f4xx_hal_pwr_ex.c ****   *                                               180 MHz by activating the over-drive mode.
 288:Platform/STM32F4xx/drivers/STM32F4xx_HAL_Driver/Src/stm32f4xx_hal_pwr_ex.c ****   *            @arg PWR_REGULATOR_VOLTAGE_SCALE2: Regulator voltage output range 2 mode,
 289:Platform/STM32F4xx/drivers/STM32F4xx_HAL_Driver/Src/stm32f4xx_hal_pwr_ex.c ****   *                                               the maximum value of fHCLK is 144 MHz. It can be 
 290:Platform/STM32F4xx/drivers/STM32F4xx_HAL_Driver/Src/stm32f4xx_hal_pwr_ex.c ****   *                                               168 MHz by activating the over-drive mode.
 291:Platform/STM32F4xx/drivers/STM32F4xx_HAL_Driver/Src/stm32f4xx_hal_pwr_ex.c ****   *            @arg PWR_REGULATOR_VOLTAGE_SCALE3: Regulator voltage output range 3 mode,
 292:Platform/STM32F4xx/drivers/STM32F4xx_HAL_Driver/Src/stm32f4xx_hal_pwr_ex.c ****   *                                               the maximum value of fHCLK is 120 MHz.
 293:Platform/STM32F4xx/drivers/STM32F4xx_HAL_Driver/Src/stm32f4xx_hal_pwr_ex.c ****   * @note To update the system clock frequency(SYSCLK):
 294:Platform/STM32F4xx/drivers/STM32F4xx_HAL_Driver/Src/stm32f4xx_hal_pwr_ex.c ****   *        - Set the HSI or HSE as system clock frequency using the HAL_RCC_ClockConfig().
 295:Platform/STM32F4xx/drivers/STM32F4xx_HAL_Driver/Src/stm32f4xx_hal_pwr_ex.c ****   *        - Call the HAL_RCC_OscConfig() to configure the PLL.
ARM GAS  /tmp/ccoLG2vs.s 			page 10


 296:Platform/STM32F4xx/drivers/STM32F4xx_HAL_Driver/Src/stm32f4xx_hal_pwr_ex.c ****   *        - Call HAL_PWREx_ConfigVoltageScaling() API to adjust the voltage scale.
 297:Platform/STM32F4xx/drivers/STM32F4xx_HAL_Driver/Src/stm32f4xx_hal_pwr_ex.c ****   *        - Set the new system clock frequency using the HAL_RCC_ClockConfig().
 298:Platform/STM32F4xx/drivers/STM32F4xx_HAL_Driver/Src/stm32f4xx_hal_pwr_ex.c ****   * @note The scale can be modified only when the HSI or HSE clock source is selected 
 299:Platform/STM32F4xx/drivers/STM32F4xx_HAL_Driver/Src/stm32f4xx_hal_pwr_ex.c ****   *        as system clock source, otherwise the API returns HAL_ERROR.  
 300:Platform/STM32F4xx/drivers/STM32F4xx_HAL_Driver/Src/stm32f4xx_hal_pwr_ex.c ****   * @note When the PLL is OFF, the voltage scale 3 is automatically selected and the VOS bits
 301:Platform/STM32F4xx/drivers/STM32F4xx_HAL_Driver/Src/stm32f4xx_hal_pwr_ex.c ****   *       value in the PWR_CR1 register are not taken in account.
 302:Platform/STM32F4xx/drivers/STM32F4xx_HAL_Driver/Src/stm32f4xx_hal_pwr_ex.c ****   * @note This API forces the PLL state ON to allow the possibility to configure the voltage scale 
 303:Platform/STM32F4xx/drivers/STM32F4xx_HAL_Driver/Src/stm32f4xx_hal_pwr_ex.c ****   * @note The new voltage scale is active only when the PLL is ON.  
 304:Platform/STM32F4xx/drivers/STM32F4xx_HAL_Driver/Src/stm32f4xx_hal_pwr_ex.c ****   * @retval HAL Status
 305:Platform/STM32F4xx/drivers/STM32F4xx_HAL_Driver/Src/stm32f4xx_hal_pwr_ex.c ****   */
 306:Platform/STM32F4xx/drivers/STM32F4xx_HAL_Driver/Src/stm32f4xx_hal_pwr_ex.c **** HAL_StatusTypeDef HAL_PWREx_ControlVoltageScaling(uint32_t VoltageScaling)
 307:Platform/STM32F4xx/drivers/STM32F4xx_HAL_Driver/Src/stm32f4xx_hal_pwr_ex.c **** {
 230              		.loc 1 307 0
 231              		.cfi_startproc
 232              		@ args = 0, pretend = 0, frame = 8
 233              		@ frame_needed = 0, uses_anonymous_args = 0
 234              	.LVL10:
 235 0000 30B5     		push	{r4, r5, lr}
 236              	.LCFI2:
 237              		.cfi_def_cfa_offset 12
 238              		.cfi_offset 4, -12
 239              		.cfi_offset 5, -8
 240              		.cfi_offset 14, -4
 241 0002 83B0     		sub	sp, sp, #12
 242              	.LCFI3:
 243              		.cfi_def_cfa_offset 24
 244              	.LVL11:
 245              	.LBB2:
 308:Platform/STM32F4xx/drivers/STM32F4xx_HAL_Driver/Src/stm32f4xx_hal_pwr_ex.c ****   uint32_t tickstart = 0U;
 309:Platform/STM32F4xx/drivers/STM32F4xx_HAL_Driver/Src/stm32f4xx_hal_pwr_ex.c ****   
 310:Platform/STM32F4xx/drivers/STM32F4xx_HAL_Driver/Src/stm32f4xx_hal_pwr_ex.c ****   assert_param(IS_PWR_VOLTAGE_SCALING_RANGE(VoltageScaling));
 311:Platform/STM32F4xx/drivers/STM32F4xx_HAL_Driver/Src/stm32f4xx_hal_pwr_ex.c ****   
 312:Platform/STM32F4xx/drivers/STM32F4xx_HAL_Driver/Src/stm32f4xx_hal_pwr_ex.c ****   /* Enable PWR RCC Clock Peripheral */
 313:Platform/STM32F4xx/drivers/STM32F4xx_HAL_Driver/Src/stm32f4xx_hal_pwr_ex.c ****   __HAL_RCC_PWR_CLK_ENABLE();
 246              		.loc 1 313 0
 247 0004 0023     		movs	r3, #0
 248 0006 0093     		str	r3, [sp]
 249 0008 2A4B     		ldr	r3, .L44
 250 000a 1A6C     		ldr	r2, [r3, #64]
 251 000c 42F08052 		orr	r2, r2, #268435456
 252 0010 1A64     		str	r2, [r3, #64]
 253 0012 1A6C     		ldr	r2, [r3, #64]
 254 0014 02F08052 		and	r2, r2, #268435456
 255 0018 0092     		str	r2, [sp]
 256 001a 009A     		ldr	r2, [sp]
 257              	.LBE2:
 314:Platform/STM32F4xx/drivers/STM32F4xx_HAL_Driver/Src/stm32f4xx_hal_pwr_ex.c ****   
 315:Platform/STM32F4xx/drivers/STM32F4xx_HAL_Driver/Src/stm32f4xx_hal_pwr_ex.c ****   /* Check if the PLL is used as system clock or not */
 316:Platform/STM32F4xx/drivers/STM32F4xx_HAL_Driver/Src/stm32f4xx_hal_pwr_ex.c ****   if(__HAL_RCC_GET_SYSCLK_SOURCE() != RCC_CFGR_SWS_PLL)
 258              		.loc 1 316 0
 259 001c 9B68     		ldr	r3, [r3, #8]
 260 001e 03F00C03 		and	r3, r3, #12
 261 0022 082B     		cmp	r3, #8
 262 0024 43D0     		beq	.L36
 263 0026 0546     		mov	r5, r0
 317:Platform/STM32F4xx/drivers/STM32F4xx_HAL_Driver/Src/stm32f4xx_hal_pwr_ex.c ****   {
 318:Platform/STM32F4xx/drivers/STM32F4xx_HAL_Driver/Src/stm32f4xx_hal_pwr_ex.c ****     /* Disable the main PLL */
ARM GAS  /tmp/ccoLG2vs.s 			page 11


 319:Platform/STM32F4xx/drivers/STM32F4xx_HAL_Driver/Src/stm32f4xx_hal_pwr_ex.c ****     __HAL_RCC_PLL_DISABLE();
 264              		.loc 1 319 0
 265 0028 234B     		ldr	r3, .L44+4
 266 002a 0022     		movs	r2, #0
 267 002c 1A60     		str	r2, [r3]
 320:Platform/STM32F4xx/drivers/STM32F4xx_HAL_Driver/Src/stm32f4xx_hal_pwr_ex.c ****     
 321:Platform/STM32F4xx/drivers/STM32F4xx_HAL_Driver/Src/stm32f4xx_hal_pwr_ex.c ****     /* Get Start Tick */
 322:Platform/STM32F4xx/drivers/STM32F4xx_HAL_Driver/Src/stm32f4xx_hal_pwr_ex.c ****     tickstart = HAL_GetTick();    
 268              		.loc 1 322 0
 269 002e FFF7FEFF 		bl	HAL_GetTick
 270              	.LVL12:
 271 0032 0446     		mov	r4, r0
 272              	.LVL13:
 273              	.L30:
 323:Platform/STM32F4xx/drivers/STM32F4xx_HAL_Driver/Src/stm32f4xx_hal_pwr_ex.c ****     /* Wait till PLL is disabled */  
 324:Platform/STM32F4xx/drivers/STM32F4xx_HAL_Driver/Src/stm32f4xx_hal_pwr_ex.c ****     while(__HAL_RCC_GET_FLAG(RCC_FLAG_PLLRDY) != RESET)
 274              		.loc 1 324 0
 275 0034 1F4B     		ldr	r3, .L44
 276 0036 1B68     		ldr	r3, [r3]
 277 0038 13F0007F 		tst	r3, #33554432
 278 003c 06D0     		beq	.L41
 325:Platform/STM32F4xx/drivers/STM32F4xx_HAL_Driver/Src/stm32f4xx_hal_pwr_ex.c ****     {
 326:Platform/STM32F4xx/drivers/STM32F4xx_HAL_Driver/Src/stm32f4xx_hal_pwr_ex.c ****       if((HAL_GetTick() - tickstart ) > PLL_TIMEOUT_VALUE)
 279              		.loc 1 326 0
 280 003e FFF7FEFF 		bl	HAL_GetTick
 281              	.LVL14:
 282 0042 001B     		subs	r0, r0, r4
 283 0044 0228     		cmp	r0, #2
 284 0046 F5D9     		bls	.L30
 327:Platform/STM32F4xx/drivers/STM32F4xx_HAL_Driver/Src/stm32f4xx_hal_pwr_ex.c ****       {
 328:Platform/STM32F4xx/drivers/STM32F4xx_HAL_Driver/Src/stm32f4xx_hal_pwr_ex.c ****         return HAL_TIMEOUT;
 285              		.loc 1 328 0
 286 0048 0320     		movs	r0, #3
 287 004a 31E0     		b	.L29
 288              	.L41:
 289              	.LBB3:
 329:Platform/STM32F4xx/drivers/STM32F4xx_HAL_Driver/Src/stm32f4xx_hal_pwr_ex.c ****       }
 330:Platform/STM32F4xx/drivers/STM32F4xx_HAL_Driver/Src/stm32f4xx_hal_pwr_ex.c ****     }
 331:Platform/STM32F4xx/drivers/STM32F4xx_HAL_Driver/Src/stm32f4xx_hal_pwr_ex.c ****     
 332:Platform/STM32F4xx/drivers/STM32F4xx_HAL_Driver/Src/stm32f4xx_hal_pwr_ex.c ****     /* Set Range */
 333:Platform/STM32F4xx/drivers/STM32F4xx_HAL_Driver/Src/stm32f4xx_hal_pwr_ex.c ****     __HAL_PWR_VOLTAGESCALING_CONFIG(VoltageScaling);
 290              		.loc 1 333 0
 291 004c 0023     		movs	r3, #0
 292 004e 0193     		str	r3, [sp, #4]
 293 0050 1A4A     		ldr	r2, .L44+8
 294 0052 1368     		ldr	r3, [r2]
 295 0054 23F44043 		bic	r3, r3, #49152
 296 0058 2B43     		orrs	r3, r3, r5
 297 005a 1360     		str	r3, [r2]
 298 005c 1368     		ldr	r3, [r2]
 299 005e 03F44043 		and	r3, r3, #49152
 300 0062 0193     		str	r3, [sp, #4]
 301 0064 019B     		ldr	r3, [sp, #4]
 302              	.LBE3:
 334:Platform/STM32F4xx/drivers/STM32F4xx_HAL_Driver/Src/stm32f4xx_hal_pwr_ex.c ****     
 335:Platform/STM32F4xx/drivers/STM32F4xx_HAL_Driver/Src/stm32f4xx_hal_pwr_ex.c ****     /* Enable the main PLL */
 336:Platform/STM32F4xx/drivers/STM32F4xx_HAL_Driver/Src/stm32f4xx_hal_pwr_ex.c ****     __HAL_RCC_PLL_ENABLE();
ARM GAS  /tmp/ccoLG2vs.s 			page 12


 303              		.loc 1 336 0
 304 0066 144B     		ldr	r3, .L44+4
 305 0068 0122     		movs	r2, #1
 306 006a 1A60     		str	r2, [r3]
 337:Platform/STM32F4xx/drivers/STM32F4xx_HAL_Driver/Src/stm32f4xx_hal_pwr_ex.c ****     
 338:Platform/STM32F4xx/drivers/STM32F4xx_HAL_Driver/Src/stm32f4xx_hal_pwr_ex.c ****     /* Get Start Tick */
 339:Platform/STM32F4xx/drivers/STM32F4xx_HAL_Driver/Src/stm32f4xx_hal_pwr_ex.c ****     tickstart = HAL_GetTick();
 307              		.loc 1 339 0
 308 006c FFF7FEFF 		bl	HAL_GetTick
 309              	.LVL15:
 310 0070 0446     		mov	r4, r0
 311              	.LVL16:
 312              	.L32:
 340:Platform/STM32F4xx/drivers/STM32F4xx_HAL_Driver/Src/stm32f4xx_hal_pwr_ex.c ****     /* Wait till PLL is ready */  
 341:Platform/STM32F4xx/drivers/STM32F4xx_HAL_Driver/Src/stm32f4xx_hal_pwr_ex.c ****     while(__HAL_RCC_GET_FLAG(RCC_FLAG_PLLRDY) == RESET)
 313              		.loc 1 341 0
 314 0072 104B     		ldr	r3, .L44
 315 0074 1B68     		ldr	r3, [r3]
 316 0076 13F0007F 		tst	r3, #33554432
 317 007a 06D1     		bne	.L42
 342:Platform/STM32F4xx/drivers/STM32F4xx_HAL_Driver/Src/stm32f4xx_hal_pwr_ex.c ****     {
 343:Platform/STM32F4xx/drivers/STM32F4xx_HAL_Driver/Src/stm32f4xx_hal_pwr_ex.c ****       if((HAL_GetTick() - tickstart ) > PLL_TIMEOUT_VALUE)
 318              		.loc 1 343 0
 319 007c FFF7FEFF 		bl	HAL_GetTick
 320              	.LVL17:
 321 0080 001B     		subs	r0, r0, r4
 322 0082 0228     		cmp	r0, #2
 323 0084 F5D9     		bls	.L32
 344:Platform/STM32F4xx/drivers/STM32F4xx_HAL_Driver/Src/stm32f4xx_hal_pwr_ex.c ****       {
 345:Platform/STM32F4xx/drivers/STM32F4xx_HAL_Driver/Src/stm32f4xx_hal_pwr_ex.c ****         return HAL_TIMEOUT;
 324              		.loc 1 345 0
 325 0086 0320     		movs	r0, #3
 326 0088 12E0     		b	.L29
 327              	.L42:
 346:Platform/STM32F4xx/drivers/STM32F4xx_HAL_Driver/Src/stm32f4xx_hal_pwr_ex.c ****       } 
 347:Platform/STM32F4xx/drivers/STM32F4xx_HAL_Driver/Src/stm32f4xx_hal_pwr_ex.c ****     }
 348:Platform/STM32F4xx/drivers/STM32F4xx_HAL_Driver/Src/stm32f4xx_hal_pwr_ex.c ****     
 349:Platform/STM32F4xx/drivers/STM32F4xx_HAL_Driver/Src/stm32f4xx_hal_pwr_ex.c ****     /* Get Start Tick */
 350:Platform/STM32F4xx/drivers/STM32F4xx_HAL_Driver/Src/stm32f4xx_hal_pwr_ex.c ****     tickstart = HAL_GetTick();
 328              		.loc 1 350 0
 329 008a FFF7FEFF 		bl	HAL_GetTick
 330              	.LVL18:
 331 008e 0446     		mov	r4, r0
 332              	.LVL19:
 333              	.L34:
 351:Platform/STM32F4xx/drivers/STM32F4xx_HAL_Driver/Src/stm32f4xx_hal_pwr_ex.c ****     while((__HAL_PWR_GET_FLAG(PWR_FLAG_VOSRDY) == RESET))
 334              		.loc 1 351 0
 335 0090 0A4B     		ldr	r3, .L44+8
 336 0092 5B68     		ldr	r3, [r3, #4]
 337 0094 13F4804F 		tst	r3, #16384
 338 0098 07D1     		bne	.L43
 352:Platform/STM32F4xx/drivers/STM32F4xx_HAL_Driver/Src/stm32f4xx_hal_pwr_ex.c ****     {
 353:Platform/STM32F4xx/drivers/STM32F4xx_HAL_Driver/Src/stm32f4xx_hal_pwr_ex.c ****       if((HAL_GetTick() - tickstart ) > PWR_VOSRDY_TIMEOUT_VALUE)
 339              		.loc 1 353 0
 340 009a FFF7FEFF 		bl	HAL_GetTick
 341              	.LVL20:
 342 009e 001B     		subs	r0, r0, r4
ARM GAS  /tmp/ccoLG2vs.s 			page 13


 343 00a0 B0F57A7F 		cmp	r0, #1000
 344 00a4 F4D9     		bls	.L34
 354:Platform/STM32F4xx/drivers/STM32F4xx_HAL_Driver/Src/stm32f4xx_hal_pwr_ex.c ****       {
 355:Platform/STM32F4xx/drivers/STM32F4xx_HAL_Driver/Src/stm32f4xx_hal_pwr_ex.c ****         return HAL_TIMEOUT;
 345              		.loc 1 355 0
 346 00a6 0320     		movs	r0, #3
 347 00a8 02E0     		b	.L29
 348              	.L43:
 356:Platform/STM32F4xx/drivers/STM32F4xx_HAL_Driver/Src/stm32f4xx_hal_pwr_ex.c ****       } 
 357:Platform/STM32F4xx/drivers/STM32F4xx_HAL_Driver/Src/stm32f4xx_hal_pwr_ex.c ****     }
 358:Platform/STM32F4xx/drivers/STM32F4xx_HAL_Driver/Src/stm32f4xx_hal_pwr_ex.c ****   }
 359:Platform/STM32F4xx/drivers/STM32F4xx_HAL_Driver/Src/stm32f4xx_hal_pwr_ex.c ****   else
 360:Platform/STM32F4xx/drivers/STM32F4xx_HAL_Driver/Src/stm32f4xx_hal_pwr_ex.c ****   {
 361:Platform/STM32F4xx/drivers/STM32F4xx_HAL_Driver/Src/stm32f4xx_hal_pwr_ex.c ****     return HAL_ERROR;
 362:Platform/STM32F4xx/drivers/STM32F4xx_HAL_Driver/Src/stm32f4xx_hal_pwr_ex.c ****   }
 363:Platform/STM32F4xx/drivers/STM32F4xx_HAL_Driver/Src/stm32f4xx_hal_pwr_ex.c **** 
 364:Platform/STM32F4xx/drivers/STM32F4xx_HAL_Driver/Src/stm32f4xx_hal_pwr_ex.c ****   return HAL_OK;
 349              		.loc 1 364 0
 350 00aa 0020     		movs	r0, #0
 351 00ac 00E0     		b	.L29
 352              	.LVL21:
 353              	.L36:
 361:Platform/STM32F4xx/drivers/STM32F4xx_HAL_Driver/Src/stm32f4xx_hal_pwr_ex.c ****   }
 354              		.loc 1 361 0
 355 00ae 0120     		movs	r0, #1
 356              	.LVL22:
 357              	.L29:
 365:Platform/STM32F4xx/drivers/STM32F4xx_HAL_Driver/Src/stm32f4xx_hal_pwr_ex.c **** }
 358              		.loc 1 365 0
 359 00b0 03B0     		add	sp, sp, #12
 360              	.LCFI4:
 361              		.cfi_def_cfa_offset 12
 362              		@ sp needed
 363 00b2 30BD     		pop	{r4, r5, pc}
 364              	.L45:
 365              		.align	2
 366              	.L44:
 367 00b4 00380240 		.word	1073887232
 368 00b8 60004742 		.word	1111949408
 369 00bc 00700040 		.word	1073770496
 370              		.cfi_endproc
 371              	.LFE131:
 373              		.section	.text.HAL_PWREx_EnableMainRegulatorLowVoltage,"ax",%progbits
 374              		.align	1
 375              		.global	HAL_PWREx_EnableMainRegulatorLowVoltage
 376              		.syntax unified
 377              		.thumb
 378              		.thumb_func
 379              		.fpu fpv4-sp-d16
 381              	HAL_PWREx_EnableMainRegulatorLowVoltage:
 382              	.LFB132:
 366:Platform/STM32F4xx/drivers/STM32F4xx_HAL_Driver/Src/stm32f4xx_hal_pwr_ex.c **** #endif /* STM32F405xx || STM32F415xx || STM32F407xx || STM32F417xx */
 367:Platform/STM32F4xx/drivers/STM32F4xx_HAL_Driver/Src/stm32f4xx_hal_pwr_ex.c **** 
 368:Platform/STM32F4xx/drivers/STM32F4xx_HAL_Driver/Src/stm32f4xx_hal_pwr_ex.c **** #if defined(STM32F469xx) || defined(STM32F479xx)
 369:Platform/STM32F4xx/drivers/STM32F4xx_HAL_Driver/Src/stm32f4xx_hal_pwr_ex.c **** /**
 370:Platform/STM32F4xx/drivers/STM32F4xx_HAL_Driver/Src/stm32f4xx_hal_pwr_ex.c ****   * @brief Enables Wakeup Pin Detection on high level (rising edge).
 371:Platform/STM32F4xx/drivers/STM32F4xx_HAL_Driver/Src/stm32f4xx_hal_pwr_ex.c ****   * @retval None
ARM GAS  /tmp/ccoLG2vs.s 			page 14


 372:Platform/STM32F4xx/drivers/STM32F4xx_HAL_Driver/Src/stm32f4xx_hal_pwr_ex.c ****   */
 373:Platform/STM32F4xx/drivers/STM32F4xx_HAL_Driver/Src/stm32f4xx_hal_pwr_ex.c **** void HAL_PWREx_EnableWakeUpPinPolarityRisingEdge(void)
 374:Platform/STM32F4xx/drivers/STM32F4xx_HAL_Driver/Src/stm32f4xx_hal_pwr_ex.c **** {
 375:Platform/STM32F4xx/drivers/STM32F4xx_HAL_Driver/Src/stm32f4xx_hal_pwr_ex.c ****   *(__IO uint32_t *) CSR_WUPP_BB = (uint32_t)DISABLE;
 376:Platform/STM32F4xx/drivers/STM32F4xx_HAL_Driver/Src/stm32f4xx_hal_pwr_ex.c **** }
 377:Platform/STM32F4xx/drivers/STM32F4xx_HAL_Driver/Src/stm32f4xx_hal_pwr_ex.c **** 
 378:Platform/STM32F4xx/drivers/STM32F4xx_HAL_Driver/Src/stm32f4xx_hal_pwr_ex.c **** /**
 379:Platform/STM32F4xx/drivers/STM32F4xx_HAL_Driver/Src/stm32f4xx_hal_pwr_ex.c ****   * @brief Enables Wakeup Pin Detection on low level (falling edge).
 380:Platform/STM32F4xx/drivers/STM32F4xx_HAL_Driver/Src/stm32f4xx_hal_pwr_ex.c ****   * @retval None
 381:Platform/STM32F4xx/drivers/STM32F4xx_HAL_Driver/Src/stm32f4xx_hal_pwr_ex.c ****   */
 382:Platform/STM32F4xx/drivers/STM32F4xx_HAL_Driver/Src/stm32f4xx_hal_pwr_ex.c **** void HAL_PWREx_EnableWakeUpPinPolarityFallingEdge(void)
 383:Platform/STM32F4xx/drivers/STM32F4xx_HAL_Driver/Src/stm32f4xx_hal_pwr_ex.c **** {
 384:Platform/STM32F4xx/drivers/STM32F4xx_HAL_Driver/Src/stm32f4xx_hal_pwr_ex.c ****   *(__IO uint32_t *) CSR_WUPP_BB = (uint32_t)ENABLE;
 385:Platform/STM32F4xx/drivers/STM32F4xx_HAL_Driver/Src/stm32f4xx_hal_pwr_ex.c **** }
 386:Platform/STM32F4xx/drivers/STM32F4xx_HAL_Driver/Src/stm32f4xx_hal_pwr_ex.c **** #endif /* STM32F469xx || STM32F479xx */
 387:Platform/STM32F4xx/drivers/STM32F4xx_HAL_Driver/Src/stm32f4xx_hal_pwr_ex.c **** 
 388:Platform/STM32F4xx/drivers/STM32F4xx_HAL_Driver/Src/stm32f4xx_hal_pwr_ex.c **** #if defined(STM32F401xC) || defined(STM32F401xE) || defined(STM32F410Tx) || defined(STM32F410Cx) ||
 389:Platform/STM32F4xx/drivers/STM32F4xx_HAL_Driver/Src/stm32f4xx_hal_pwr_ex.c ****     defined(STM32F411xE) || defined(STM32F412Zx) || defined(STM32F412Vx) || defined(STM32F412Rx) ||
 390:Platform/STM32F4xx/drivers/STM32F4xx_HAL_Driver/Src/stm32f4xx_hal_pwr_ex.c ****     defined(STM32F413xx) || defined(STM32F423xx)
 391:Platform/STM32F4xx/drivers/STM32F4xx_HAL_Driver/Src/stm32f4xx_hal_pwr_ex.c **** /**
 392:Platform/STM32F4xx/drivers/STM32F4xx_HAL_Driver/Src/stm32f4xx_hal_pwr_ex.c ****   * @brief Enables Main Regulator low voltage mode.
 393:Platform/STM32F4xx/drivers/STM32F4xx_HAL_Driver/Src/stm32f4xx_hal_pwr_ex.c ****   * @note  This mode is only available for STM32F401xx/STM32F410xx/STM32F411xx/STM32F412Zx/STM32F41
 394:Platform/STM32F4xx/drivers/STM32F4xx_HAL_Driver/Src/stm32f4xx_hal_pwr_ex.c ****   *        STM32F413xx/STM32F423xx devices.   
 395:Platform/STM32F4xx/drivers/STM32F4xx_HAL_Driver/Src/stm32f4xx_hal_pwr_ex.c ****   * @retval None
 396:Platform/STM32F4xx/drivers/STM32F4xx_HAL_Driver/Src/stm32f4xx_hal_pwr_ex.c ****   */
 397:Platform/STM32F4xx/drivers/STM32F4xx_HAL_Driver/Src/stm32f4xx_hal_pwr_ex.c **** void HAL_PWREx_EnableMainRegulatorLowVoltage(void)
 398:Platform/STM32F4xx/drivers/STM32F4xx_HAL_Driver/Src/stm32f4xx_hal_pwr_ex.c **** {
 383              		.loc 1 398 0
 384              		.cfi_startproc
 385              		@ args = 0, pretend = 0, frame = 0
 386              		@ frame_needed = 0, uses_anonymous_args = 0
 387              		@ link register save eliminated.
 399:Platform/STM32F4xx/drivers/STM32F4xx_HAL_Driver/Src/stm32f4xx_hal_pwr_ex.c ****   *(__IO uint32_t *) CR_MRLVDS_BB = (uint32_t)ENABLE;
 388              		.loc 1 399 0
 389 0000 014B     		ldr	r3, .L47
 390 0002 0122     		movs	r2, #1
 391 0004 1A60     		str	r2, [r3]
 400:Platform/STM32F4xx/drivers/STM32F4xx_HAL_Driver/Src/stm32f4xx_hal_pwr_ex.c **** }
 392              		.loc 1 400 0
 393 0006 7047     		bx	lr
 394              	.L48:
 395              		.align	2
 396              	.L47:
 397 0008 2C000E42 		.word	1108213804
 398              		.cfi_endproc
 399              	.LFE132:
 401              		.section	.text.HAL_PWREx_DisableMainRegulatorLowVoltage,"ax",%progbits
 402              		.align	1
 403              		.global	HAL_PWREx_DisableMainRegulatorLowVoltage
 404              		.syntax unified
 405              		.thumb
 406              		.thumb_func
 407              		.fpu fpv4-sp-d16
 409              	HAL_PWREx_DisableMainRegulatorLowVoltage:
 410              	.LFB133:
 401:Platform/STM32F4xx/drivers/STM32F4xx_HAL_Driver/Src/stm32f4xx_hal_pwr_ex.c **** 
 402:Platform/STM32F4xx/drivers/STM32F4xx_HAL_Driver/Src/stm32f4xx_hal_pwr_ex.c **** /**
ARM GAS  /tmp/ccoLG2vs.s 			page 15


 403:Platform/STM32F4xx/drivers/STM32F4xx_HAL_Driver/Src/stm32f4xx_hal_pwr_ex.c ****   * @brief Disables Main Regulator low voltage mode.
 404:Platform/STM32F4xx/drivers/STM32F4xx_HAL_Driver/Src/stm32f4xx_hal_pwr_ex.c ****   * @note  This mode is only available for STM32F401xx/STM32F410xx/STM32F411xx/STM32F412Zx/STM32F41
 405:Platform/STM32F4xx/drivers/STM32F4xx_HAL_Driver/Src/stm32f4xx_hal_pwr_ex.c ****   *        STM32F413xx/STM32F423xxdevices. 
 406:Platform/STM32F4xx/drivers/STM32F4xx_HAL_Driver/Src/stm32f4xx_hal_pwr_ex.c ****   * @retval None
 407:Platform/STM32F4xx/drivers/STM32F4xx_HAL_Driver/Src/stm32f4xx_hal_pwr_ex.c ****   */
 408:Platform/STM32F4xx/drivers/STM32F4xx_HAL_Driver/Src/stm32f4xx_hal_pwr_ex.c **** void HAL_PWREx_DisableMainRegulatorLowVoltage(void)
 409:Platform/STM32F4xx/drivers/STM32F4xx_HAL_Driver/Src/stm32f4xx_hal_pwr_ex.c **** {
 411              		.loc 1 409 0
 412              		.cfi_startproc
 413              		@ args = 0, pretend = 0, frame = 0
 414              		@ frame_needed = 0, uses_anonymous_args = 0
 415              		@ link register save eliminated.
 410:Platform/STM32F4xx/drivers/STM32F4xx_HAL_Driver/Src/stm32f4xx_hal_pwr_ex.c ****   *(__IO uint32_t *) CR_MRLVDS_BB = (uint32_t)DISABLE;
 416              		.loc 1 410 0
 417 0000 014B     		ldr	r3, .L50
 418 0002 0022     		movs	r2, #0
 419 0004 1A60     		str	r2, [r3]
 411:Platform/STM32F4xx/drivers/STM32F4xx_HAL_Driver/Src/stm32f4xx_hal_pwr_ex.c **** }
 420              		.loc 1 411 0
 421 0006 7047     		bx	lr
 422              	.L51:
 423              		.align	2
 424              	.L50:
 425 0008 2C000E42 		.word	1108213804
 426              		.cfi_endproc
 427              	.LFE133:
 429              		.section	.text.HAL_PWREx_EnableLowRegulatorLowVoltage,"ax",%progbits
 430              		.align	1
 431              		.global	HAL_PWREx_EnableLowRegulatorLowVoltage
 432              		.syntax unified
 433              		.thumb
 434              		.thumb_func
 435              		.fpu fpv4-sp-d16
 437              	HAL_PWREx_EnableLowRegulatorLowVoltage:
 438              	.LFB134:
 412:Platform/STM32F4xx/drivers/STM32F4xx_HAL_Driver/Src/stm32f4xx_hal_pwr_ex.c **** 
 413:Platform/STM32F4xx/drivers/STM32F4xx_HAL_Driver/Src/stm32f4xx_hal_pwr_ex.c **** /**
 414:Platform/STM32F4xx/drivers/STM32F4xx_HAL_Driver/Src/stm32f4xx_hal_pwr_ex.c ****   * @brief Enables Low Power Regulator low voltage mode.
 415:Platform/STM32F4xx/drivers/STM32F4xx_HAL_Driver/Src/stm32f4xx_hal_pwr_ex.c ****   * @note  This mode is only available for STM32F401xx/STM32F410xx/STM32F411xx/STM32F412Zx/STM32F41
 416:Platform/STM32F4xx/drivers/STM32F4xx_HAL_Driver/Src/stm32f4xx_hal_pwr_ex.c ****   *        STM32F413xx/STM32F423xx devices.   
 417:Platform/STM32F4xx/drivers/STM32F4xx_HAL_Driver/Src/stm32f4xx_hal_pwr_ex.c ****   * @retval None
 418:Platform/STM32F4xx/drivers/STM32F4xx_HAL_Driver/Src/stm32f4xx_hal_pwr_ex.c ****   */
 419:Platform/STM32F4xx/drivers/STM32F4xx_HAL_Driver/Src/stm32f4xx_hal_pwr_ex.c **** void HAL_PWREx_EnableLowRegulatorLowVoltage(void)
 420:Platform/STM32F4xx/drivers/STM32F4xx_HAL_Driver/Src/stm32f4xx_hal_pwr_ex.c **** {
 439              		.loc 1 420 0
 440              		.cfi_startproc
 441              		@ args = 0, pretend = 0, frame = 0
 442              		@ frame_needed = 0, uses_anonymous_args = 0
 443              		@ link register save eliminated.
 421:Platform/STM32F4xx/drivers/STM32F4xx_HAL_Driver/Src/stm32f4xx_hal_pwr_ex.c ****   *(__IO uint32_t *) CR_LPLVDS_BB = (uint32_t)ENABLE;
 444              		.loc 1 421 0
 445 0000 014B     		ldr	r3, .L53
 446 0002 0122     		movs	r2, #1
 447 0004 1A60     		str	r2, [r3]
 422:Platform/STM32F4xx/drivers/STM32F4xx_HAL_Driver/Src/stm32f4xx_hal_pwr_ex.c **** }
 448              		.loc 1 422 0
 449 0006 7047     		bx	lr
ARM GAS  /tmp/ccoLG2vs.s 			page 16


 450              	.L54:
 451              		.align	2
 452              	.L53:
 453 0008 28000E42 		.word	1108213800
 454              		.cfi_endproc
 455              	.LFE134:
 457              		.section	.text.HAL_PWREx_DisableLowRegulatorLowVoltage,"ax",%progbits
 458              		.align	1
 459              		.global	HAL_PWREx_DisableLowRegulatorLowVoltage
 460              		.syntax unified
 461              		.thumb
 462              		.thumb_func
 463              		.fpu fpv4-sp-d16
 465              	HAL_PWREx_DisableLowRegulatorLowVoltage:
 466              	.LFB135:
 423:Platform/STM32F4xx/drivers/STM32F4xx_HAL_Driver/Src/stm32f4xx_hal_pwr_ex.c **** 
 424:Platform/STM32F4xx/drivers/STM32F4xx_HAL_Driver/Src/stm32f4xx_hal_pwr_ex.c **** /**
 425:Platform/STM32F4xx/drivers/STM32F4xx_HAL_Driver/Src/stm32f4xx_hal_pwr_ex.c ****   * @brief Disables Low Power Regulator low voltage mode.
 426:Platform/STM32F4xx/drivers/STM32F4xx_HAL_Driver/Src/stm32f4xx_hal_pwr_ex.c ****   * @note  This mode is only available for STM32F401xx/STM32F410xx/STM32F411xx/STM32F412Zx/STM32F41
 427:Platform/STM32F4xx/drivers/STM32F4xx_HAL_Driver/Src/stm32f4xx_hal_pwr_ex.c ****   *        STM32F413xx/STM32F423xx  devices.   
 428:Platform/STM32F4xx/drivers/STM32F4xx_HAL_Driver/Src/stm32f4xx_hal_pwr_ex.c ****   * @retval None
 429:Platform/STM32F4xx/drivers/STM32F4xx_HAL_Driver/Src/stm32f4xx_hal_pwr_ex.c ****   */
 430:Platform/STM32F4xx/drivers/STM32F4xx_HAL_Driver/Src/stm32f4xx_hal_pwr_ex.c **** void HAL_PWREx_DisableLowRegulatorLowVoltage(void)
 431:Platform/STM32F4xx/drivers/STM32F4xx_HAL_Driver/Src/stm32f4xx_hal_pwr_ex.c **** {
 467              		.loc 1 431 0
 468              		.cfi_startproc
 469              		@ args = 0, pretend = 0, frame = 0
 470              		@ frame_needed = 0, uses_anonymous_args = 0
 471              		@ link register save eliminated.
 432:Platform/STM32F4xx/drivers/STM32F4xx_HAL_Driver/Src/stm32f4xx_hal_pwr_ex.c ****   *(__IO uint32_t *) CR_LPLVDS_BB = (uint32_t)DISABLE;
 472              		.loc 1 432 0
 473 0000 014B     		ldr	r3, .L56
 474 0002 0022     		movs	r2, #0
 475 0004 1A60     		str	r2, [r3]
 433:Platform/STM32F4xx/drivers/STM32F4xx_HAL_Driver/Src/stm32f4xx_hal_pwr_ex.c **** }
 476              		.loc 1 433 0
 477 0006 7047     		bx	lr
 478              	.L57:
 479              		.align	2
 480              	.L56:
 481 0008 28000E42 		.word	1108213800
 482              		.cfi_endproc
 483              	.LFE135:
 485              		.text
 486              	.Letext0:
 487              		.file 2 "/home/wumingju/Documents/aos/AliOS-Things/build/compiler/gcc-arm-none-eabi/Linux64/arm-no
 488              		.file 3 "/home/wumingju/Documents/aos/AliOS-Things/build/compiler/gcc-arm-none-eabi/Linux64/arm-no
 489              		.file 4 "Platform/STM32F4xx/drivers/CMSIS/Include/core_cm4.h"
 490              		.file 5 "Platform/STM32F4xx/drivers/CMSIS/Device/ST/STM32F4xx/Include/system_stm32f4xx.h"
 491              		.file 6 "Platform/STM32F4xx/drivers/CMSIS/Device/ST/STM32F4xx/Include/stm32f411xe.h"
 492              		.file 7 "Platform/STM32F4xx/drivers/CMSIS/Device/ST/STM32F4xx/Include/stm32f4xx.h"
 493              		.file 8 "/home/wumingju/Documents/aos/AliOS-Things/build/compiler/gcc-arm-none-eabi/Linux64/arm-no
 494              		.file 9 "/home/wumingju/Documents/aos/AliOS-Things/build/compiler/gcc-arm-none-eabi/Linux64/arm-no
 495              		.file 10 "/home/wumingju/Documents/aos/AliOS-Things/build/compiler/gcc-arm-none-eabi/Linux64/lib/g
 496              		.file 11 "/home/wumingju/Documents/aos/AliOS-Things/build/compiler/gcc-arm-none-eabi/Linux64/arm-n
 497              		.file 12 "Platform/STM32F4xx/drivers/STM32F4xx_HAL_Driver/Inc/stm32f4xx_hal_def.h"
 498              		.file 13 "Platform/STM32F4xx/drivers/STM32F4xx_HAL_Driver/Inc/stm32f4xx_hal.h"
ARM GAS  /tmp/ccoLG2vs.s 			page 17


ARM GAS  /tmp/ccoLG2vs.s 			page 18


DEFINED SYMBOLS
                            *ABS*:0000000000000000 stm32f4xx_hal_pwr_ex.c
     /tmp/ccoLG2vs.s:18     .text.HAL_PWREx_EnableBkUpReg:0000000000000000 $t
     /tmp/ccoLG2vs.s:25     .text.HAL_PWREx_EnableBkUpReg:0000000000000000 HAL_PWREx_EnableBkUpReg
     /tmp/ccoLG2vs.s:72     .text.HAL_PWREx_EnableBkUpReg:000000000000002c $d
     /tmp/ccoLG2vs.s:78     .text.HAL_PWREx_DisableBkUpReg:0000000000000000 $t
     /tmp/ccoLG2vs.s:85     .text.HAL_PWREx_DisableBkUpReg:0000000000000000 HAL_PWREx_DisableBkUpReg
     /tmp/ccoLG2vs.s:131    .text.HAL_PWREx_DisableBkUpReg:000000000000002c $d
     /tmp/ccoLG2vs.s:137    .text.HAL_PWREx_EnableFlashPowerDown:0000000000000000 $t
     /tmp/ccoLG2vs.s:144    .text.HAL_PWREx_EnableFlashPowerDown:0000000000000000 HAL_PWREx_EnableFlashPowerDown
     /tmp/ccoLG2vs.s:160    .text.HAL_PWREx_EnableFlashPowerDown:0000000000000008 $d
     /tmp/ccoLG2vs.s:165    .text.HAL_PWREx_DisableFlashPowerDown:0000000000000000 $t
     /tmp/ccoLG2vs.s:172    .text.HAL_PWREx_DisableFlashPowerDown:0000000000000000 HAL_PWREx_DisableFlashPowerDown
     /tmp/ccoLG2vs.s:188    .text.HAL_PWREx_DisableFlashPowerDown:0000000000000008 $d
     /tmp/ccoLG2vs.s:193    .text.HAL_PWREx_GetVoltageRange:0000000000000000 $t
     /tmp/ccoLG2vs.s:200    .text.HAL_PWREx_GetVoltageRange:0000000000000000 HAL_PWREx_GetVoltageRange
     /tmp/ccoLG2vs.s:216    .text.HAL_PWREx_GetVoltageRange:000000000000000c $d
     /tmp/ccoLG2vs.s:221    .text.HAL_PWREx_ControlVoltageScaling:0000000000000000 $t
     /tmp/ccoLG2vs.s:228    .text.HAL_PWREx_ControlVoltageScaling:0000000000000000 HAL_PWREx_ControlVoltageScaling
     /tmp/ccoLG2vs.s:367    .text.HAL_PWREx_ControlVoltageScaling:00000000000000b4 $d
     /tmp/ccoLG2vs.s:374    .text.HAL_PWREx_EnableMainRegulatorLowVoltage:0000000000000000 $t
     /tmp/ccoLG2vs.s:381    .text.HAL_PWREx_EnableMainRegulatorLowVoltage:0000000000000000 HAL_PWREx_EnableMainRegulatorLowVoltage
     /tmp/ccoLG2vs.s:397    .text.HAL_PWREx_EnableMainRegulatorLowVoltage:0000000000000008 $d
     /tmp/ccoLG2vs.s:402    .text.HAL_PWREx_DisableMainRegulatorLowVoltage:0000000000000000 $t
     /tmp/ccoLG2vs.s:409    .text.HAL_PWREx_DisableMainRegulatorLowVoltage:0000000000000000 HAL_PWREx_DisableMainRegulatorLowVoltage
     /tmp/ccoLG2vs.s:425    .text.HAL_PWREx_DisableMainRegulatorLowVoltage:0000000000000008 $d
     /tmp/ccoLG2vs.s:430    .text.HAL_PWREx_EnableLowRegulatorLowVoltage:0000000000000000 $t
     /tmp/ccoLG2vs.s:437    .text.HAL_PWREx_EnableLowRegulatorLowVoltage:0000000000000000 HAL_PWREx_EnableLowRegulatorLowVoltage
     /tmp/ccoLG2vs.s:453    .text.HAL_PWREx_EnableLowRegulatorLowVoltage:0000000000000008 $d
     /tmp/ccoLG2vs.s:458    .text.HAL_PWREx_DisableLowRegulatorLowVoltage:0000000000000000 $t
     /tmp/ccoLG2vs.s:465    .text.HAL_PWREx_DisableLowRegulatorLowVoltage:0000000000000000 HAL_PWREx_DisableLowRegulatorLowVoltage
     /tmp/ccoLG2vs.s:481    .text.HAL_PWREx_DisableLowRegulatorLowVoltage:0000000000000008 $d

UNDEFINED SYMBOLS
HAL_GetTick
